2025-08-29 11:22:40,844 | INFO     | root | 

--- Nouvelle session Notionator --- 2025-08-29 11:22:40 ---


2025-08-29 11:22:41,249 | INFO     | __main__ | === Lancement de Notionator (fast start) ===
2025-08-29 11:22:41,553 | INFO     | services.notion_client | Client Notion initialisé
2025-08-29 11:22:42,773 | INFO     | httpx | HTTP Request: POST https://api.notion.com/v1/databases/1c9b9fc31e69816fb29fdc0006d36308/query "HTTP/1.1 200 OK"
2025-08-29 11:22:43,846 | INFO     | httpx | HTTP Request: GET https://api.notion.com/v1/databases/1c9b9fc31e69816fb29fdc0006d36308 "HTTP/1.1 200 OK"
2025-08-29 11:22:44,499 | INFO     | httpx | HTTP Request: GET https://api.notion.com/v1/pages/25db9fc3-1e69-8111-b356-eea3cabf4c7f "HTTP/1.1 200 OK"
2025-08-29 11:22:45,411 | INFO     | httpx | HTTP Request: PATCH https://api.notion.com/v1/pages/25db9fc3-1e69-8111-b356-eea3cabf4c7f "HTTP/1.1 200 OK"
2025-08-29 11:22:46,791 | INFO     | httpx | HTTP Request: GET https://api.notion.com/v1/pages/25db9fc3-1e69-81a8-8577-dbcb46bd74f4 "HTTP/1.1 200 OK"
2025-08-29 11:22:47,533 | INFO     | httpx | HTTP Request: PATCH https://api.notion.com/v1/pages/25db9fc3-1e69-81a8-8577-dbcb46bd74f4 "HTTP/1.1 200 OK"
2025-08-29 11:22:48,062 | INFO     | httpx | HTTP Request: GET https://api.notion.com/v1/pages/25db9fc3-1e69-8171-9060-f620aeb4041b "HTTP/1.1 200 OK"
2025-08-29 11:22:57,362 | INFO     | httpx | HTTP Request: POST https://api.notion.com/v1/databases/1c9b9fc31e69816fb29fdc0006d36308/query "HTTP/1.1 200 OK"
2025-08-29 11:22:58,037 | INFO     | httpx | HTTP Request: POST https://api.notion.com/v1/pages "HTTP/1.1 200 OK"
2025-08-29 11:22:58,781 | INFO     | httpx | HTTP Request: PATCH https://api.notion.com/v1/blocks/25eb9fc3-1e69-81db-975f-d281d7482e19/children "HTTP/1.1 200 OK"
2025-08-29 11:22:59,343 | INFO     | httpx | HTTP Request: GET https://api.notion.com/v1/pages/25eb9fc3-1e69-81db-975f-d281d7482e19 "HTTP/1.1 200 OK"
2025-08-29 11:22:59,539 | INFO     | services.notion_client | Client Notion initialisé
2025-08-29 11:22:59,590 | INFO     | services.actions_manager | [pdf] BASE_FOLDER=G:\Mon Drive\Médecine exists=True
2025-08-29 11:22:59,706 | INFO     | services.actions_manager | [pdf] PDFs vus sur disque: 476
2025-08-29 11:22:59,707 | INFO     | services.actions_manager | [pdf] aucun nouveau PDF
2025-08-29 11:22:59,707 | INFO     | services.actions_manager | [pdf] local_pdf_map: 470 -> 470 entrées
2025-08-29 11:22:59,708 | INFO     | services.actions_manager | [bootstrap] id→path ajoutés=0, mis_à_jour=0, périmés_detectés=0
2025-08-29 11:23:00,188 | INFO     | __main__ | Changement d'écran vers : accueil
2025-08-29 11:23:02,070 | INFO     | httpx | HTTP Request: GET https://api.notion.com/v1/databases/215b9fc3-1e69-80b5-9514-ccef8de8e30e "HTTP/1.1 200 OK"
2025-08-29 11:23:02,811 | INFO     | httpx | HTTP Request: POST https://api.notion.com/v1/databases/215b9fc3-1e69-80b5-9514-ccef8de8e30e/query "HTTP/1.1 200 OK"
2025-08-29 11:23:03,911 | INFO     | httpx | HTTP Request: POST https://api.notion.com/v1/databases/215b9fc3-1e69-80b5-9514-ccef8de8e30e/query "HTTP/1.1 200 OK"
2025-08-29 11:23:04,041 | INFO     | __main__ | UI affichée en 22.79 sec ✔
2025-08-29 11:23:04,041 | INFO     | __main__ | Application démarrée
2025-08-29 11:23:04,212 | INFO     | services.notion_client | Client Notion initialisé
2025-08-29 11:23:04,212 | INFO     | __main__ | [Shortcuts] Raccourcis Ctrl enregistrés.
2025-08-29 11:23:05,791 | INFO     | httpx | HTTP Request: POST https://api.notion.com/v1/databases/215b9fc3-1e69-80b5-9514-ccef8de8e30e/query "HTTP/1.1 200 OK"
2025-08-29 11:23:05,847 | INFO     | httpx | HTTP Request: POST https://api.notion.com/v1/databases/215b9fc3-1e69-80b5-9514-ccef8de8e30e/query "HTTP/1.1 200 OK"
2025-08-29 11:23:06,533 | INFO     | httpx | HTTP Request: POST https://api.notion.com/v1/databases/215b9fc3-1e69-80e3-979e-f0053a3bea4d/query "HTTP/1.1 200 OK"
2025-08-29 11:23:08,222 | INFO     | services.quick_summary | [Bilan rapide] update_all() – start
2025-08-29 11:23:11,440 | INFO     | __main__ | Changement d'écran vers : colleges
2025-08-29 11:23:11,444 | INFO     | services.actions_manager | [pdf] BASE_FOLDER=G:\Mon Drive\Médecine exists=True
2025-08-29 11:23:11,540 | INFO     | services.actions_manager | [pdf] PDFs vus sur disque: 476
2025-08-29 11:23:11,540 | INFO     | services.actions_manager | [pdf] aucun nouveau PDF
2025-08-29 11:23:11,540 | INFO     | services.actions_manager | [pdf] local_pdf_map: 470 -> 470 entrées
2025-08-29 11:23:11,540 | INFO     | services.actions_manager | [bootstrap] id→path ajoutés=0, mis_à_jour=0, périmés_detectés=0
2025-08-29 11:23:16,250 | INFO     | httpx | HTTP Request: POST https://api.notion.com/v1/databases/215b9fc3-1e69-80b5-9514-ccef8de8e30e/query "HTTP/1.1 200 OK"
2025-08-29 11:23:16,258 | INFO     | services.quick_summary | [Bilan rapide] Semestres: ['Semestre 7', 'Semestre 4', 'Semestre 3', 'Semestre 5']
2025-08-29 11:23:17,137 | INFO     | httpx | HTTP Request: POST https://api.notion.com/v1/search "HTTP/1.1 200 OK"
2025-08-29 11:23:17,808 | INFO     | httpx | HTTP Request: POST https://api.notion.com/v1/search "HTTP/1.1 200 OK"
2025-08-29 11:23:17,810 | INFO     | services.quick_summary | [Bilan rapide] Page Semestre 'Semestre 7' → 21ab9fc3-1e69-80de-8829-fe24f8c40982
2025-08-29 11:23:18,324 | INFO     | httpx | HTTP Request: POST https://api.notion.com/v1/databases/215b9fc3-1e69-80b5-9514-ccef8de8e30e/query "HTTP/1.1 200 OK"
2025-08-29 11:23:18,324 | INFO     | services.quick_summary | [Bilan rapide][Semestre Semestre 7] {'total': 1, 'non_commence': 0, 'en_cours': 1, 'termine': 0}
2025-08-29 11:23:18,324 | INFO     | services.quick_summary | [Bilan rapide] in-place recursive on page 21ab9fc3-1e69-80de-8829-fe24f8c40982 with {'total': 1, 'non_commence': 0, 'en_cours': 1, 'termine': 0}
2025-08-29 11:23:18,830 | INFO     | httpx | HTTP Request: GET https://api.notion.com/v1/blocks/21ab9fc3-1e69-80de-8829-fe24f8c40982/children "HTTP/1.1 200 OK"
2025-08-29 11:23:19,231 | INFO     | httpx | HTTP Request: GET https://api.notion.com/v1/blocks/21ab9fc3-1e69-802c-92a1-ddd2d43fcf8c/children "HTTP/1.1 200 OK"
2025-08-29 11:23:23,715 | INFO     | httpx | HTTP Request: GET https://api.notion.com/v1/blocks/21ab9fc3-1e69-809b-b436-d3ad0478feba/children "HTTP/1.1 200 OK"
2025-08-29 11:23:25,129 | INFO     | httpx | HTTP Request: GET https://api.notion.com/v1/blocks/21ab9fc3-1e69-8094-a2a7-c075cb3d96f1/children "HTTP/1.1 200 OK"
2025-08-29 11:23:25,517 | INFO     | httpx | HTTP Request: GET https://api.notion.com/v1/blocks/21ab9fc3-1e69-80b5-91b5-d7b81f08a0d8/children "HTTP/1.1 200 OK"
2025-08-29 11:23:25,518 | INFO     | services.quick_summary | [Bilan rapide] sections found: 1
2025-08-29 11:23:25,518 | INFO     | services.quick_summary | [Bilan rapide] primary container=21ab9fc3-1e69-809b-b436-d3ad0478feba heading_idx=0 id=21ab9fc3-1e69-8031-948f-dac364365840
2025-08-29 11:23:25,518 | INFO     | services.quick_summary | [Bilan rapide] bullets under primary: 3
2025-08-29 11:23:25,518 | INFO     | services.quick_summary | [Bilan rapide] update bullet 21ab9fc3-1e69-80f8-ad06-f53b028337a1 -> Non commencés : 0/1
2025-08-29 11:23:26,252 | INFO     | httpx | HTTP Request: PATCH https://api.notion.com/v1/blocks/21ab9fc3-1e69-80f8-ad06-f53b028337a1 "HTTP/1.1 200 OK"
2025-08-29 11:23:26,252 | INFO     | services.quick_summary | [Bilan rapide] update bullet 21ab9fc3-1e69-8086-b1f7-cd2e75cb9a55 -> En cours : 1/1
2025-08-29 11:23:26,822 | INFO     | httpx | HTTP Request: PATCH https://api.notion.com/v1/blocks/21ab9fc3-1e69-8086-b1f7-cd2e75cb9a55 "HTTP/1.1 200 OK"
2025-08-29 11:23:26,823 | INFO     | services.quick_summary | [Bilan rapide] update bullet 21ab9fc3-1e69-8065-9ae5-cca85244ff69 -> Terminés : 0/1
2025-08-29 11:23:27,442 | INFO     | httpx | HTTP Request: PATCH https://api.notion.com/v1/blocks/21ab9fc3-1e69-8065-9ae5-cca85244ff69 "HTTP/1.1 200 OK"
2025-08-29 11:23:28,161 | INFO     | httpx | HTTP Request: POST https://api.notion.com/v1/search "HTTP/1.1 200 OK"
2025-08-29 11:23:28,968 | INFO     | httpx | HTTP Request: POST https://api.notion.com/v1/search "HTTP/1.1 200 OK"
2025-08-29 11:23:28,970 | INFO     | services.quick_summary | [Bilan rapide] Page Semestre 'Semestre 4' → 227b9fc3-1e69-8085-92ef-ef51ecca8aca
2025-08-29 11:23:30,227 | INFO     | httpx | HTTP Request: POST https://api.notion.com/v1/databases/215b9fc3-1e69-80b5-9514-ccef8de8e30e/query "HTTP/1.1 200 OK"
2025-08-29 11:23:30,231 | INFO     | services.quick_summary | [Bilan rapide][Semestre Semestre 4] {'total': 42, 'non_commence': 0, 'en_cours': 1, 'termine': 41}
2025-08-29 11:23:30,232 | INFO     | services.quick_summary | [Bilan rapide] in-place recursive on page 227b9fc3-1e69-8085-92ef-ef51ecca8aca with {'total': 42, 'non_commence': 0, 'en_cours': 1, 'termine': 41}
2025-08-29 11:23:30,776 | INFO     | httpx | HTTP Request: GET https://api.notion.com/v1/blocks/227b9fc3-1e69-8085-92ef-ef51ecca8aca/children "HTTP/1.1 200 OK"
2025-08-29 11:23:31,173 | INFO     | httpx | HTTP Request: GET https://api.notion.com/v1/blocks/227b9fc3-1e69-8071-9725-e9b8f6ec023e/children "HTTP/1.1 200 OK"
2025-08-29 11:23:31,813 | INFO     | httpx | HTTP Request: GET https://api.notion.com/v1/blocks/227b9fc3-1e69-80ae-a85d-cbfa2dc6baf6/children "HTTP/1.1 200 OK"
2025-08-29 11:23:33,004 | INFO     | httpx | HTTP Request: GET https://api.notion.com/v1/blocks/227b9fc3-1e69-805b-ab0b-d528f64d0df1/children "HTTP/1.1 200 OK"
2025-08-29 11:23:33,004 | INFO     | services.quick_summary | [Bilan rapide] sections found: 1
2025-08-29 11:23:33,004 | INFO     | services.quick_summary | [Bilan rapide] primary container=227b9fc3-1e69-8085-92ef-ef51ecca8aca heading_idx=20 id=252b9fc3-1e69-810d-990e-cd638de03446
2025-08-29 11:23:33,004 | INFO     | services.quick_summary | [Bilan rapide] bullets under primary: 3
2025-08-29 11:23:34,301 | INFO     | httpx | HTTP Request: POST https://api.notion.com/v1/search "HTTP/1.1 200 OK"
2025-08-29 11:23:36,196 | INFO     | httpx | HTTP Request: POST https://api.notion.com/v1/search "HTTP/1.1 200 OK"
2025-08-29 11:23:36,306 | INFO     | services.quick_summary | [Bilan rapide] Page Semestre 'Semestre 3' → None
2025-08-29 11:23:36,951 | INFO     | httpx | HTTP Request: POST https://api.notion.com/v1/search "HTTP/1.1 200 OK"
2025-08-29 11:23:37,653 | INFO     | httpx | HTTP Request: POST https://api.notion.com/v1/search "HTTP/1.1 200 OK"
2025-08-29 11:23:37,654 | INFO     | services.quick_summary | [Bilan rapide] Page Semestre 'Semestre 5' → 215b9fc3-1e69-80be-bf33-f2f800a06777
2025-08-29 11:23:44,765 | INFO     | httpx | HTTP Request: POST https://api.notion.com/v1/databases/215b9fc3-1e69-80b5-9514-ccef8de8e30e/query "HTTP/1.1 200 OK"
2025-08-29 11:23:44,765 | INFO     | services.quick_summary | [Bilan rapide][Semestre Semestre 5] {'total': 3, 'non_commence': 2, 'en_cours': 1, 'termine': 0}
2025-08-29 11:23:44,765 | INFO     | services.quick_summary | [Bilan rapide] in-place recursive on page 215b9fc3-1e69-80be-bf33-f2f800a06777 with {'total': 3, 'non_commence': 2, 'en_cours': 1, 'termine': 0}
2025-08-29 11:23:45,270 | INFO     | httpx | HTTP Request: GET https://api.notion.com/v1/blocks/215b9fc3-1e69-80be-bf33-f2f800a06777/children "HTTP/1.1 200 OK"
2025-08-29 11:23:45,718 | INFO     | httpx | HTTP Request: GET https://api.notion.com/v1/blocks/21ab9fc3-1e69-8008-9b7b-f66a6dec42a2/children "HTTP/1.1 200 OK"
2025-08-29 11:23:46,231 | INFO     | httpx | HTTP Request: GET https://api.notion.com/v1/blocks/21ab9fc3-1e69-8095-847c-fa3ae61b15b4/children "HTTP/1.1 200 OK"
2025-08-29 11:23:46,616 | INFO     | httpx | HTTP Request: GET https://api.notion.com/v1/blocks/21ab9fc3-1e69-80e1-95d6-e3a8b7588bca/children "HTTP/1.1 200 OK"
2025-08-29 11:23:48,008 | INFO     | httpx | HTTP Request: GET https://api.notion.com/v1/blocks/21ab9fc3-1e69-801e-ac73-d5f64bcd6005/children "HTTP/1.1 200 OK"
2025-08-29 11:23:48,008 | INFO     | services.quick_summary | [Bilan rapide] sections found: 1
2025-08-29 11:23:48,009 | INFO     | services.quick_summary | [Bilan rapide] primary container=21ab9fc3-1e69-8095-847c-fa3ae61b15b4 heading_idx=0 id=21ab9fc3-1e69-80b4-a9e7-d8f5118ea282
2025-08-29 11:23:48,009 | INFO     | services.quick_summary | [Bilan rapide] bullets under primary: 3
2025-08-29 11:23:48,009 | INFO     | services.quick_summary | [Bilan rapide] update bullet 21ab9fc3-1e69-8055-b054-fee4c49142c1 -> Non commencés : 2/3
2025-08-29 11:23:48,695 | INFO     | httpx | HTTP Request: PATCH https://api.notion.com/v1/blocks/21ab9fc3-1e69-8055-b054-fee4c49142c1 "HTTP/1.1 200 OK"
2025-08-29 11:23:48,696 | INFO     | services.quick_summary | [Bilan rapide] update bullet 21ab9fc3-1e69-80a0-848f-db6f8e4bc4a6 -> En cours : 1/3
2025-08-29 11:23:49,855 | INFO     | httpx | HTTP Request: PATCH https://api.notion.com/v1/blocks/21ab9fc3-1e69-80a0-848f-db6f8e4bc4a6 "HTTP/1.1 200 OK"
2025-08-29 11:23:49,856 | INFO     | services.quick_summary | [Bilan rapide] update bullet 21ab9fc3-1e69-8037-8647-ebcee6a8e581 -> Terminés : 0/3
2025-08-29 11:23:50,828 | INFO     | httpx | HTTP Request: PATCH https://api.notion.com/v1/blocks/21ab9fc3-1e69-8037-8647-ebcee6a8e581 "HTTP/1.1 200 OK"
2025-08-29 11:23:51,302 | INFO     | httpx | HTTP Request: POST https://api.notion.com/v1/search "HTTP/1.1 200 OK"
2025-08-29 11:23:51,303 | INFO     | services.quick_summary | [Bilan rapide] Page 'Collèges' → 221b9fc3-1e69-80e4-8b33-d3aa0b2c9424
2025-08-29 11:23:52,054 | INFO     | httpx | HTTP Request: POST https://api.notion.com/v1/databases/215b9fc3-1e69-80b5-9514-ccef8de8e30e/query "HTTP/1.1 200 OK"
2025-08-29 11:23:52,069 | INFO     | services.quick_summary | [Bilan rapide][Collèges (agrégat)] {'total': 64, 'non_commence': 21, 'en_cours': 2, 'termine': 41}
2025-08-29 11:23:52,069 | INFO     | services.quick_summary | [Bilan rapide] in-place recursive on page 221b9fc3-1e69-80e4-8b33-d3aa0b2c9424 with {'total': 64, 'non_commence': 21, 'en_cours': 2, 'termine': 41}
2025-08-29 11:23:53,970 | INFO     | httpx | HTTP Request: GET https://api.notion.com/v1/blocks/221b9fc3-1e69-80e4-8b33-d3aa0b2c9424/children "HTTP/1.1 200 OK"
2025-08-29 11:23:54,402 | INFO     | httpx | HTTP Request: GET https://api.notion.com/v1/blocks/221b9fc3-1e69-81ca-a256-e6878d7b9291/children "HTTP/1.1 200 OK"
2025-08-29 11:23:54,773 | INFO     | httpx | HTTP Request: GET https://api.notion.com/v1/blocks/221b9fc3-1e69-81d6-847d-c17f011ce726/children "HTTP/1.1 200 OK"
2025-08-29 11:23:55,182 | INFO     | httpx | HTTP Request: GET https://api.notion.com/v1/blocks/221b9fc3-1e69-81b5-a410-f2d041a0f03d/children "HTTP/1.1 200 OK"
2025-08-29 11:23:56,022 | INFO     | httpx | HTTP Request: GET https://api.notion.com/v1/blocks/221b9fc3-1e69-8113-afe7-ebb66af6b984/children "HTTP/1.1 200 OK"
2025-08-29 11:23:56,044 | INFO     | services.quick_summary | [Bilan rapide] sections found: 1
2025-08-29 11:23:56,044 | INFO     | services.quick_summary | [Bilan rapide] primary container=221b9fc3-1e69-81d6-847d-c17f011ce726 heading_idx=0 id=221b9fc3-1e69-817d-a0dd-fcc765cea67c
2025-08-29 11:23:56,045 | INFO     | services.quick_summary | [Bilan rapide] bullets under primary: 3
2025-08-29 11:23:56,045 | INFO     | services.quick_summary | [Bilan rapide] update bullet 221b9fc3-1e69-81b3-b9e1-f1591b5aaff2 -> Non commencés : 21/64
2025-08-29 11:23:59,461 | INFO     | httpx | HTTP Request: PATCH https://api.notion.com/v1/blocks/221b9fc3-1e69-81b3-b9e1-f1591b5aaff2 "HTTP/1.1 200 OK"
2025-08-29 11:23:59,461 | INFO     | services.quick_summary | [Bilan rapide] update bullet 221b9fc3-1e69-8130-ab30-e51bc321406f -> En cours : 2/64
2025-08-29 11:24:00,859 | INFO     | httpx | HTTP Request: PATCH https://api.notion.com/v1/blocks/221b9fc3-1e69-8130-ab30-e51bc321406f "HTTP/1.1 200 OK"
2025-08-29 11:24:00,860 | INFO     | services.quick_summary | [Bilan rapide] update bullet 221b9fc3-1e69-8147-be36-cec8f30e9477 -> Terminés : 41/64
2025-08-29 11:24:16,521 | INFO     | httpx | HTTP Request: PATCH https://api.notion.com/v1/blocks/221b9fc3-1e69-8147-be36-cec8f30e9477 "HTTP/1.1 200 OK"
2025-08-29 11:24:16,522 | INFO     | services.quick_summary | [Bilan rapide] update_all() – done
2025-08-29 11:24:16,522 | INFO     | __main__ | [Bilan rapide] Mise à jour terminée.
2025-08-29 11:24:49,686 | INFO     | services.quick_summary | [Bilan rapide] update_all() – start
2025-08-29 11:24:55,066 | INFO     | root | 

--- Nouvelle session Notionator --- 2025-08-29 11:24:55 ---


2025-08-29 11:24:55,143 | INFO     | __main__ | === Lancement de Notionator (fast start) ===
2025-08-29 11:24:55,388 | INFO     | services.notion_client | Client Notion initialisé
2025-08-29 11:24:57,165 | INFO     | httpx | HTTP Request: POST https://api.notion.com/v1/databases/1c9b9fc31e69816fb29fdc0006d36308/query "HTTP/1.1 200 OK"
2025-08-29 11:24:57,602 | INFO     | services.notion_client | Client Notion initialisé
2025-08-29 11:24:57,613 | INFO     | services.actions_manager | [pdf] BASE_FOLDER=G:\Mon Drive\Médecine exists=True
2025-08-29 11:24:57,692 | INFO     | services.actions_manager | [pdf] PDFs vus sur disque: 476
2025-08-29 11:24:57,692 | INFO     | services.actions_manager | [pdf] aucun nouveau PDF
2025-08-29 11:24:57,692 | INFO     | services.actions_manager | [pdf] local_pdf_map: 470 -> 470 entrées
2025-08-29 11:24:57,693 | INFO     | services.actions_manager | [bootstrap] id→path ajoutés=0, mis_à_jour=0, périmés_detectés=0
2025-08-29 11:24:58,042 | INFO     | __main__ | Changement d'écran vers : accueil
2025-08-29 11:24:58,679 | INFO     | httpx | HTTP Request: GET https://api.notion.com/v1/databases/215b9fc3-1e69-80b5-9514-ccef8de8e30e "HTTP/1.1 200 OK"
2025-08-29 11:24:59,319 | INFO     | httpx | HTTP Request: POST https://api.notion.com/v1/databases/215b9fc3-1e69-80b5-9514-ccef8de8e30e/query "HTTP/1.1 200 OK"
2025-08-29 11:25:01,187 | INFO     | httpx | HTTP Request: POST https://api.notion.com/v1/databases/215b9fc3-1e69-80b5-9514-ccef8de8e30e/query "HTTP/1.1 200 OK"
2025-08-29 11:25:01,316 | INFO     | __main__ | UI affichée en 6.17 sec ✔
2025-08-29 11:25:01,316 | INFO     | __main__ | Application démarrée
2025-08-29 11:25:01,503 | INFO     | services.notion_client | Client Notion initialisé
2025-08-29 11:25:01,503 | INFO     | __main__ | [Shortcuts] Raccourcis Ctrl enregistrés.
2025-08-29 11:25:02,319 | INFO     | httpx | HTTP Request: POST https://api.notion.com/v1/databases/215b9fc3-1e69-80b5-9514-ccef8de8e30e/query "HTTP/1.1 200 OK"
2025-08-29 11:25:02,935 | INFO     | httpx | HTTP Request: POST https://api.notion.com/v1/databases/215b9fc3-1e69-80b5-9514-ccef8de8e30e/query "HTTP/1.1 200 OK"
2025-08-29 11:25:03,488 | INFO     | httpx | HTTP Request: POST https://api.notion.com/v1/databases/215b9fc3-1e69-80e3-979e-f0053a3bea4d/query "HTTP/1.1 200 OK"
2025-08-29 11:25:04,356 | INFO     | httpx | HTTP Request: POST https://api.notion.com/v1/databases/1c9b9fc31e6981dda626e622d9ac878c/query "HTTP/1.1 200 OK"
2025-08-29 11:25:05,503 | INFO     | services.quick_summary | [Bilan rapide] update_all() – start
2025-08-29 11:25:05,663 | INFO     | httpx | HTTP Request: PATCH https://api.notion.com/v1/pages/25eb9fc3-1e69-80d9-8009-ef644c55dec7 "HTTP/1.1 200 OK"
2025-08-29 11:25:06,690 | INFO     | httpx | HTTP Request: POST https://api.notion.com/v1/databases/215b9fc3-1e69-80b5-9514-ccef8de8e30e/query "HTTP/1.1 200 OK"
2025-08-29 11:25:06,696 | INFO     | services.quick_summary | [Bilan rapide] Semestres: ['Semestre 5', 'Semestre 4', 'Semestre 3']
2025-08-29 11:25:07,462 | INFO     | httpx | HTTP Request: POST https://api.notion.com/v1/search "HTTP/1.1 200 OK"
2025-08-29 11:25:08,235 | INFO     | httpx | HTTP Request: POST https://api.notion.com/v1/search "HTTP/1.1 200 OK"
2025-08-29 11:25:08,239 | INFO     | services.quick_summary | [Bilan rapide] Page Semestre 'Semestre 5' → 215b9fc3-1e69-80be-bf33-f2f800a06777
2025-08-29 11:25:08,859 | INFO     | __main__ | Changement d'écran vers : colleges
2025-08-29 11:25:08,862 | INFO     | services.actions_manager | [pdf] BASE_FOLDER=G:\Mon Drive\Médecine exists=True
2025-08-29 11:25:08,940 | INFO     | services.actions_manager | [pdf] PDFs vus sur disque: 476
2025-08-29 11:25:08,941 | INFO     | services.actions_manager | [pdf] aucun nouveau PDF
2025-08-29 11:25:08,941 | INFO     | services.actions_manager | [pdf] local_pdf_map: 470 -> 470 entrées
2025-08-29 11:25:08,941 | INFO     | services.actions_manager | [bootstrap] id→path ajoutés=0, mis_à_jour=0, périmés_detectés=0
2025-08-29 11:25:09,424 | INFO     | httpx | HTTP Request: POST https://api.notion.com/v1/databases/215b9fc3-1e69-80b5-9514-ccef8de8e30e/query "HTTP/1.1 200 OK"
2025-08-29 11:25:09,425 | INFO     | services.quick_summary | [Bilan rapide][Semestre Semestre 5] {'total': 4, 'non_commence': 3, 'en_cours': 1, 'termine': 0}
2025-08-29 11:25:09,425 | INFO     | services.quick_summary | [Bilan rapide] in-place recursive on page 215b9fc3-1e69-80be-bf33-f2f800a06777 with {'total': 4, 'non_commence': 3, 'en_cours': 1, 'termine': 0}
2025-08-29 11:25:10,153 | INFO     | httpx | HTTP Request: GET https://api.notion.com/v1/blocks/215b9fc3-1e69-80be-bf33-f2f800a06777/children "HTTP/1.1 200 OK"
2025-08-29 11:25:13,699 | INFO     | httpx | HTTP Request: GET https://api.notion.com/v1/blocks/21ab9fc3-1e69-8008-9b7b-f66a6dec42a2/children "HTTP/1.1 200 OK"
2025-08-29 11:25:14,322 | INFO     | httpx | HTTP Request: GET https://api.notion.com/v1/blocks/21ab9fc3-1e69-8095-847c-fa3ae61b15b4/children "HTTP/1.1 200 OK"
2025-08-29 11:25:14,930 | INFO     | httpx | HTTP Request: GET https://api.notion.com/v1/blocks/21ab9fc3-1e69-80e1-95d6-e3a8b7588bca/children "HTTP/1.1 200 OK"
2025-08-29 11:25:15,506 | INFO     | httpx | HTTP Request: GET https://api.notion.com/v1/blocks/21ab9fc3-1e69-801e-ac73-d5f64bcd6005/children "HTTP/1.1 200 OK"
2025-08-29 11:25:15,507 | INFO     | services.quick_summary | [Bilan rapide] sections found: 1
2025-08-29 11:25:15,507 | INFO     | services.quick_summary | [Bilan rapide] primary container=21ab9fc3-1e69-8095-847c-fa3ae61b15b4 heading_idx=0 id=21ab9fc3-1e69-80b4-a9e7-d8f5118ea282
2025-08-29 11:25:15,507 | INFO     | services.quick_summary | [Bilan rapide] bullets under primary: 3
2025-08-29 11:25:15,507 | INFO     | services.quick_summary | [Bilan rapide] update bullet 21ab9fc3-1e69-8055-b054-fee4c49142c1 -> Non commencés : 3/4
2025-08-29 11:25:16,346 | INFO     | httpx | HTTP Request: PATCH https://api.notion.com/v1/blocks/21ab9fc3-1e69-8055-b054-fee4c49142c1 "HTTP/1.1 200 OK"
2025-08-29 11:25:16,347 | INFO     | services.quick_summary | [Bilan rapide] update bullet 21ab9fc3-1e69-80a0-848f-db6f8e4bc4a6 -> En cours : 1/4
2025-08-29 11:25:18,892 | INFO     | services.quick_summary | [Bilan rapide] update_all() – start
2025-08-29 11:31:53,309 | INFO     | root | 

--- Nouvelle session Notionator --- 2025-08-29 11:31:53 ---


2025-08-29 11:31:53,379 | INFO     | __main__ | === Lancement de Notionator (fast start) ===
2025-08-29 11:31:53,612 | INFO     | services.notion_client | Client Notion initialisé
2025-08-29 11:31:54,679 | INFO     | httpx | HTTP Request: POST https://api.notion.com/v1/databases/1c9b9fc31e69816fb29fdc0006d36308/query "HTTP/1.1 200 OK"
2025-08-29 11:31:54,848 | INFO     | services.notion_client | Client Notion initialisé
2025-08-29 11:31:54,859 | INFO     | services.actions_manager | [pdf] BASE_FOLDER=G:\Mon Drive\Médecine exists=True
2025-08-29 11:31:54,936 | INFO     | services.actions_manager | [pdf] PDFs vus sur disque: 476
2025-08-29 11:31:54,936 | INFO     | services.actions_manager | [pdf] aucun nouveau PDF
2025-08-29 11:31:54,936 | INFO     | services.actions_manager | [pdf] local_pdf_map: 470 -> 470 entrées
2025-08-29 11:31:54,937 | INFO     | services.actions_manager | [bootstrap] id→path ajoutés=0, mis_à_jour=0, périmés_detectés=0
2025-08-29 11:31:55,241 | INFO     | __main__ | Changement d'écran vers : accueil
2025-08-29 11:31:55,943 | INFO     | httpx | HTTP Request: GET https://api.notion.com/v1/databases/215b9fc3-1e69-80b5-9514-ccef8de8e30e "HTTP/1.1 200 OK"
2025-08-29 11:31:56,514 | INFO     | httpx | HTTP Request: POST https://api.notion.com/v1/databases/215b9fc3-1e69-80b5-9514-ccef8de8e30e/query "HTTP/1.1 200 OK"
2025-08-29 11:31:57,609 | INFO     | httpx | HTTP Request: POST https://api.notion.com/v1/databases/215b9fc3-1e69-80b5-9514-ccef8de8e30e/query "HTTP/1.1 200 OK"
2025-08-29 11:31:57,726 | INFO     | __main__ | UI affichée en 4.35 sec ✔
2025-08-29 11:31:57,726 | INFO     | __main__ | Application démarrée
2025-08-29 11:31:57,893 | INFO     | services.notion_client | Client Notion initialisé
2025-08-29 11:31:57,893 | INFO     | __main__ | [Shortcuts] Raccourcis Ctrl enregistrés.
2025-08-29 11:31:58,875 | INFO     | httpx | HTTP Request: POST https://api.notion.com/v1/databases/215b9fc3-1e69-80b5-9514-ccef8de8e30e/query "HTTP/1.1 200 OK"
2025-08-29 11:31:59,070 | INFO     | httpx | HTTP Request: POST https://api.notion.com/v1/databases/215b9fc3-1e69-80b5-9514-ccef8de8e30e/query "HTTP/1.1 200 OK"
2025-08-29 11:31:59,933 | INFO     | httpx | HTTP Request: POST https://api.notion.com/v1/databases/215b9fc3-1e69-80e3-979e-f0053a3bea4d/query "HTTP/1.1 200 OK"
2025-08-29 11:32:01,898 | INFO     | services.quick_summary | [Bilan rapide] update_all() – start
2025-08-29 11:32:04,071 | INFO     | httpx | HTTP Request: POST https://api.notion.com/v1/databases/215b9fc3-1e69-80b5-9514-ccef8de8e30e/query "HTTP/1.1 200 OK"
2025-08-29 11:32:04,077 | INFO     | services.quick_summary | [Bilan rapide] Semestres: ['Semestre 5', 'Semestre 4', 'Semestre 3']
2025-08-29 11:32:04,980 | INFO     | httpx | HTTP Request: POST https://api.notion.com/v1/search "HTTP/1.1 200 OK"
2025-08-29 11:32:06,790 | INFO     | httpx | HTTP Request: POST https://api.notion.com/v1/search "HTTP/1.1 200 OK"
2025-08-29 11:32:06,792 | INFO     | services.quick_summary | [Bilan rapide] Page Semestre 'Semestre 5' → 215b9fc3-1e69-80be-bf33-f2f800a06777
2025-08-29 11:32:07,534 | INFO     | httpx | HTTP Request: POST https://api.notion.com/v1/databases/215b9fc3-1e69-80b5-9514-ccef8de8e30e/query "HTTP/1.1 200 OK"
2025-08-29 11:32:07,534 | INFO     | services.quick_summary | [Bilan rapide][Semestre Semestre 5] {'total': 4, 'non_commence': 3, 'en_cours': 1, 'termine': 0}
2025-08-29 11:32:07,535 | INFO     | services.quick_summary | [Bilan rapide] in-place recursive on page 215b9fc3-1e69-80be-bf33-f2f800a06777 with {'total': 4, 'non_commence': 3, 'en_cours': 1, 'termine': 0}
2025-08-29 11:32:08,121 | INFO     | httpx | HTTP Request: GET https://api.notion.com/v1/blocks/215b9fc3-1e69-80be-bf33-f2f800a06777/children "HTTP/1.1 200 OK"
2025-08-29 11:32:10,034 | INFO     | httpx | HTTP Request: GET https://api.notion.com/v1/blocks/21ab9fc3-1e69-8008-9b7b-f66a6dec42a2/children "HTTP/1.1 200 OK"
2025-08-29 11:32:10,779 | INFO     | httpx | HTTP Request: GET https://api.notion.com/v1/blocks/21ab9fc3-1e69-8095-847c-fa3ae61b15b4/children "HTTP/1.1 200 OK"
2025-08-29 11:32:11,297 | INFO     | httpx | HTTP Request: GET https://api.notion.com/v1/blocks/21ab9fc3-1e69-80e1-95d6-e3a8b7588bca/children "HTTP/1.1 200 OK"
2025-08-29 11:32:12,457 | INFO     | httpx | HTTP Request: GET https://api.notion.com/v1/blocks/21ab9fc3-1e69-801e-ac73-d5f64bcd6005/children "HTTP/1.1 200 OK"
2025-08-29 11:32:12,458 | INFO     | services.quick_summary | [Bilan rapide] sections found: 1
2025-08-29 11:32:12,458 | INFO     | services.quick_summary | [Bilan rapide] primary container=21ab9fc3-1e69-8095-847c-fa3ae61b15b4 heading_idx=0 id=21ab9fc3-1e69-80b4-a9e7-d8f5118ea282
2025-08-29 11:32:12,458 | INFO     | services.quick_summary | [Bilan rapide] bullets under primary: 3
2025-08-29 11:32:12,458 | INFO     | services.quick_summary | [Bilan rapide] update bullet 21ab9fc3-1e69-8037-8647-ebcee6a8e581 -> Terminés : 0/4
2025-08-29 11:32:13,150 | INFO     | httpx | HTTP Request: PATCH https://api.notion.com/v1/blocks/21ab9fc3-1e69-8037-8647-ebcee6a8e581 "HTTP/1.1 200 OK"
2025-08-29 11:32:14,883 | INFO     | httpx | HTTP Request: POST https://api.notion.com/v1/search "HTTP/1.1 200 OK"
2025-08-29 11:32:15,752 | INFO     | httpx | HTTP Request: POST https://api.notion.com/v1/search "HTTP/1.1 200 OK"
2025-08-29 11:32:15,754 | INFO     | services.quick_summary | [Bilan rapide] Page Semestre 'Semestre 4' → 227b9fc3-1e69-8085-92ef-ef51ecca8aca
2025-08-29 11:32:16,807 | INFO     | httpx | HTTP Request: POST https://api.notion.com/v1/databases/215b9fc3-1e69-80b5-9514-ccef8de8e30e/query "HTTP/1.1 200 OK"
2025-08-29 11:32:16,811 | INFO     | services.quick_summary | [Bilan rapide][Semestre Semestre 4] {'total': 42, 'non_commence': 0, 'en_cours': 1, 'termine': 41}
2025-08-29 11:32:16,812 | INFO     | services.quick_summary | [Bilan rapide] in-place recursive on page 227b9fc3-1e69-8085-92ef-ef51ecca8aca with {'total': 42, 'non_commence': 0, 'en_cours': 1, 'termine': 41}
2025-08-29 11:32:18,224 | INFO     | httpx | HTTP Request: GET https://api.notion.com/v1/blocks/227b9fc3-1e69-8085-92ef-ef51ecca8aca/children "HTTP/1.1 200 OK"
2025-08-29 11:32:18,787 | INFO     | httpx | HTTP Request: GET https://api.notion.com/v1/blocks/227b9fc3-1e69-8071-9725-e9b8f6ec023e/children "HTTP/1.1 200 OK"
2025-08-29 11:32:19,311 | INFO     | httpx | HTTP Request: GET https://api.notion.com/v1/blocks/227b9fc3-1e69-80ae-a85d-cbfa2dc6baf6/children "HTTP/1.1 200 OK"
2025-08-29 11:32:19,942 | INFO     | httpx | HTTP Request: GET https://api.notion.com/v1/blocks/227b9fc3-1e69-805b-ab0b-d528f64d0df1/children "HTTP/1.1 200 OK"
2025-08-29 11:32:19,942 | INFO     | services.quick_summary | [Bilan rapide] sections found: 1
2025-08-29 11:32:19,942 | INFO     | services.quick_summary | [Bilan rapide] primary container=227b9fc3-1e69-8085-92ef-ef51ecca8aca heading_idx=20 id=252b9fc3-1e69-810d-990e-cd638de03446
2025-08-29 11:32:19,942 | INFO     | services.quick_summary | [Bilan rapide] bullets under primary: 3
2025-08-29 11:32:21,007 | INFO     | httpx | HTTP Request: POST https://api.notion.com/v1/search "HTTP/1.1 200 OK"
2025-08-29 11:32:22,345 | INFO     | httpx | HTTP Request: POST https://api.notion.com/v1/search "HTTP/1.1 200 OK"
2025-08-29 11:32:22,351 | INFO     | services.quick_summary | [Bilan rapide] Page Semestre 'Semestre 3' → None
2025-08-29 11:32:22,910 | INFO     | httpx | HTTP Request: POST https://api.notion.com/v1/search "HTTP/1.1 200 OK"
2025-08-29 11:32:22,910 | INFO     | services.quick_summary | [Bilan rapide] Page 'Collèges' → 221b9fc3-1e69-80e4-8b33-d3aa0b2c9424
2025-08-29 11:32:23,768 | INFO     | httpx | HTTP Request: POST https://api.notion.com/v1/databases/215b9fc3-1e69-80b5-9514-ccef8de8e30e/query "HTTP/1.1 200 OK"
2025-08-29 11:32:23,775 | INFO     | services.quick_summary | [Bilan rapide][Collèges (agrégat)] {'total': 64, 'non_commence': 22, 'en_cours': 1, 'termine': 41}
2025-08-29 11:32:23,775 | INFO     | services.quick_summary | [Bilan rapide] in-place recursive on page 221b9fc3-1e69-80e4-8b33-d3aa0b2c9424 with {'total': 64, 'non_commence': 22, 'en_cours': 1, 'termine': 41}
2025-08-29 11:32:24,324 | INFO     | httpx | HTTP Request: GET https://api.notion.com/v1/blocks/221b9fc3-1e69-80e4-8b33-d3aa0b2c9424/children "HTTP/1.1 200 OK"
2025-08-29 11:32:24,846 | INFO     | httpx | HTTP Request: GET https://api.notion.com/v1/blocks/221b9fc3-1e69-81ca-a256-e6878d7b9291/children "HTTP/1.1 200 OK"
2025-08-29 11:32:25,418 | INFO     | httpx | HTTP Request: GET https://api.notion.com/v1/blocks/221b9fc3-1e69-81d6-847d-c17f011ce726/children "HTTP/1.1 200 OK"
2025-08-29 11:32:25,928 | INFO     | httpx | HTTP Request: GET https://api.notion.com/v1/blocks/221b9fc3-1e69-81b5-a410-f2d041a0f03d/children "HTTP/1.1 200 OK"
2025-08-29 11:32:26,471 | INFO     | httpx | HTTP Request: GET https://api.notion.com/v1/blocks/221b9fc3-1e69-8113-afe7-ebb66af6b984/children "HTTP/1.1 200 OK"
2025-08-29 11:32:26,472 | INFO     | services.quick_summary | [Bilan rapide] sections found: 1
2025-08-29 11:32:26,472 | INFO     | services.quick_summary | [Bilan rapide] primary container=221b9fc3-1e69-81d6-847d-c17f011ce726 heading_idx=0 id=221b9fc3-1e69-817d-a0dd-fcc765cea67c
2025-08-29 11:32:26,472 | INFO     | services.quick_summary | [Bilan rapide] bullets under primary: 3
2025-08-29 11:32:26,472 | INFO     | services.quick_summary | [Bilan rapide] update bullet 221b9fc3-1e69-81b3-b9e1-f1591b5aaff2 -> Non commencés : 22/64
2025-08-29 11:32:27,139 | INFO     | httpx | HTTP Request: PATCH https://api.notion.com/v1/blocks/221b9fc3-1e69-81b3-b9e1-f1591b5aaff2 "HTTP/1.1 200 OK"
2025-08-29 11:32:27,139 | INFO     | services.quick_summary | [Bilan rapide] update bullet 221b9fc3-1e69-8130-ab30-e51bc321406f -> En cours : 1/64
2025-08-29 11:32:28,847 | INFO     | httpx | HTTP Request: PATCH https://api.notion.com/v1/blocks/221b9fc3-1e69-8130-ab30-e51bc321406f "HTTP/1.1 200 OK"
2025-08-29 11:32:28,848 | INFO     | services.quick_summary | [Bilan rapide] update_all() – done
2025-08-29 11:32:28,848 | INFO     | __main__ | [Bilan rapide] Mise à jour terminée.
2025-08-29 11:35:53,739 | INFO     | services.quick_summary | [Bilan rapide] update_all() – start
2025-08-29 11:43:53,154 | INFO     | root | 

--- Nouvelle session Notionator --- 2025-08-29 11:43:53 ---


2025-08-29 11:43:53,241 | INFO     | __main__ | === Lancement de Notionator (fast start) ===
2025-08-29 11:43:53,494 | INFO     | services.notion_client | Client Notion initialisé
2025-08-29 11:43:55,006 | INFO     | httpx | HTTP Request: POST https://api.notion.com/v1/databases/1c9b9fc31e69816fb29fdc0006d36308/query "HTTP/1.1 200 OK"
2025-08-29 11:43:55,178 | INFO     | services.notion_client | Client Notion initialisé
2025-08-29 11:43:55,190 | INFO     | services.actions_manager | [pdf] BASE_FOLDER=G:\Mon Drive\Médecine exists=True
2025-08-29 11:43:55,284 | INFO     | services.actions_manager | [pdf] PDFs vus sur disque: 476
2025-08-29 11:43:55,284 | INFO     | services.actions_manager | [pdf] aucun nouveau PDF
2025-08-29 11:43:55,284 | INFO     | services.actions_manager | [pdf] local_pdf_map: 470 -> 470 entrées
2025-08-29 11:43:55,285 | INFO     | services.actions_manager | [bootstrap] id→path ajoutés=0, mis_à_jour=0, périmés_detectés=0
2025-08-29 11:43:55,663 | INFO     | __main__ | Changement d'écran vers : accueil
2025-08-29 11:43:59,164 | INFO     | httpx | HTTP Request: GET https://api.notion.com/v1/databases/215b9fc3-1e69-80b5-9514-ccef8de8e30e "HTTP/1.1 200 OK"
2025-08-29 11:43:59,918 | INFO     | httpx | HTTP Request: POST https://api.notion.com/v1/databases/215b9fc3-1e69-80b5-9514-ccef8de8e30e/query "HTTP/1.1 200 OK"
2025-08-29 11:44:00,900 | INFO     | httpx | HTTP Request: POST https://api.notion.com/v1/databases/215b9fc3-1e69-80b5-9514-ccef8de8e30e/query "HTTP/1.1 200 OK"
2025-08-29 11:44:01,013 | INFO     | __main__ | UI affichée en 7.77 sec ✔
2025-08-29 11:44:01,014 | INFO     | __main__ | Application démarrée
2025-08-29 11:44:01,182 | INFO     | services.notion_client | Client Notion initialisé
2025-08-29 11:44:01,183 | INFO     | __main__ | [Shortcuts] Raccourcis Ctrl enregistrés.
2025-08-29 11:44:02,555 | INFO     | httpx | HTTP Request: POST https://api.notion.com/v1/databases/215b9fc3-1e69-80b5-9514-ccef8de8e30e/query "HTTP/1.1 200 OK"
2025-08-29 11:44:02,726 | INFO     | httpx | HTTP Request: POST https://api.notion.com/v1/databases/215b9fc3-1e69-80b5-9514-ccef8de8e30e/query "HTTP/1.1 200 OK"
2025-08-29 11:44:04,462 | INFO     | httpx | HTTP Request: PATCH https://api.notion.com/v1/pages/25db9fc3-1e69-81a8-8577-dbcb46bd74f4 "HTTP/1.1 200 OK"
2025-08-29 11:44:05,188 | INFO     | services.quick_summary | [Bilan rapide] update_all() – start
2025-08-29 11:44:05,541 | INFO     | httpx | HTTP Request: POST https://api.notion.com/v1/databases/215b9fc3-1e69-80b5-9514-ccef8de8e30e/query "HTTP/1.1 200 OK"
2025-08-29 11:44:06,451 | INFO     | httpx | HTTP Request: POST https://api.notion.com/v1/databases/215b9fc3-1e69-80b5-9514-ccef8de8e30e/query "HTTP/1.1 200 OK"
2025-08-29 11:44:06,456 | INFO     | services.quick_summary | [Bilan rapide] Semestres: ['Semestre 5', 'Semestre 4', 'Semestre 3']
2025-08-29 11:44:06,632 | INFO     | httpx | HTTP Request: POST https://api.notion.com/v1/databases/215b9fc3-1e69-80e3-979e-f0053a3bea4d/query "HTTP/1.1 200 OK"
2025-08-29 11:44:07,702 | INFO     | httpx | HTTP Request: POST https://api.notion.com/v1/search "HTTP/1.1 200 OK"
2025-08-29 11:44:09,536 | INFO     | httpx | HTTP Request: POST https://api.notion.com/v1/search "HTTP/1.1 200 OK"
2025-08-29 11:44:09,753 | INFO     | services.quick_summary | [Bilan rapide] Page Semestre 'Semestre 5' → 215b9fc3-1e69-80be-bf33-f2f800a06777
2025-08-29 11:44:10,395 | INFO     | httpx | HTTP Request: POST https://api.notion.com/v1/databases/215b9fc3-1e69-80b5-9514-ccef8de8e30e/query "HTTP/1.1 200 OK"
2025-08-29 11:44:10,396 | INFO     | services.quick_summary | [Bilan rapide][Semestre Semestre 5] {'total': 4, 'non_commence': 3, 'en_cours': 1, 'termine': 0}
2025-08-29 11:44:10,396 | INFO     | services.quick_summary | [Bilan rapide] in-place recursive on page 215b9fc3-1e69-80be-bf33-f2f800a06777 with {'total': 4, 'non_commence': 3, 'en_cours': 1, 'termine': 0}
2025-08-29 11:44:10,568 | INFO     | httpx | HTTP Request: POST https://api.notion.com/v1/databases/215b9fc3-1e69-80b5-9514-ccef8de8e30e/query "HTTP/1.1 200 OK"
2025-08-29 11:44:11,058 | INFO     | httpx | HTTP Request: GET https://api.notion.com/v1/blocks/215b9fc3-1e69-80be-bf33-f2f800a06777/children "HTTP/1.1 200 OK"
2025-08-29 11:44:11,645 | INFO     | httpx | HTTP Request: GET https://api.notion.com/v1/blocks/21ab9fc3-1e69-8008-9b7b-f66a6dec42a2/children "HTTP/1.1 200 OK"
2025-08-29 11:44:12,208 | INFO     | httpx | HTTP Request: GET https://api.notion.com/v1/blocks/21ab9fc3-1e69-8095-847c-fa3ae61b15b4/children "HTTP/1.1 200 OK"
2025-08-29 11:44:12,781 | INFO     | httpx | HTTP Request: GET https://api.notion.com/v1/blocks/21ab9fc3-1e69-80e1-95d6-e3a8b7588bca/children "HTTP/1.1 200 OK"
2025-08-29 11:44:12,943 | INFO     | httpx | HTTP Request: POST https://api.notion.com/v1/databases/215b9fc3-1e69-80b5-9514-ccef8de8e30e/query "HTTP/1.1 200 OK"
2025-08-29 11:44:13,895 | INFO     | httpx | HTTP Request: GET https://api.notion.com/v1/blocks/21ab9fc3-1e69-801e-ac73-d5f64bcd6005/children "HTTP/1.1 200 OK"
2025-08-29 11:44:13,896 | INFO     | services.quick_summary | [Bilan rapide] sections found: 1
2025-08-29 11:44:13,896 | INFO     | services.quick_summary | [Bilan rapide] primary container=21ab9fc3-1e69-8095-847c-fa3ae61b15b4 heading_idx=0 id=21ab9fc3-1e69-80b4-a9e7-d8f5118ea282
2025-08-29 11:44:13,896 | INFO     | services.quick_summary | [Bilan rapide] bullets under primary: 3
2025-08-29 11:44:14,612 | INFO     | httpx | HTTP Request: POST https://api.notion.com/v1/search "HTTP/1.1 200 OK"
2025-08-29 11:44:15,305 | INFO     | httpx | HTTP Request: POST https://api.notion.com/v1/search "HTTP/1.1 200 OK"
2025-08-29 11:44:15,306 | INFO     | services.quick_summary | [Bilan rapide] Page Semestre 'Semestre 4' → 227b9fc3-1e69-8085-92ef-ef51ecca8aca
2025-08-29 11:44:15,820 | INFO     | httpx | HTTP Request: GET https://api.notion.com/v1/pages/256b9fc3-1e69-801c-8bd9-c1f856c2281c "HTTP/1.1 200 OK"
2025-08-29 11:44:16,202 | INFO     | httpx | HTTP Request: POST https://api.notion.com/v1/databases/215b9fc3-1e69-80b5-9514-ccef8de8e30e/query "HTTP/1.1 200 OK"
2025-08-29 11:44:16,466 | INFO     | httpx | HTTP Request: POST https://api.notion.com/v1/databases/215b9fc3-1e69-80b5-9514-ccef8de8e30e/query "HTTP/1.1 200 OK"
2025-08-29 11:44:16,661 | INFO     | httpx | HTTP Request: PATCH https://api.notion.com/v1/pages/256b9fc3-1e69-801c-8bd9-c1f856c2281c "HTTP/1.1 200 OK"
2025-08-29 11:44:19,402 | INFO     | httpx | HTTP Request: GET https://api.notion.com/v1/blocks/25db9fc3-1e69-81a8-8577-dbcb46bd74f4/children "HTTP/1.1 200 OK"
2025-08-29 11:44:20,341 | INFO     | httpx | HTTP Request: PATCH https://api.notion.com/v1/blocks/25db9fc3-1e69-81a8-8577-dbcb46bd74f4/children "HTTP/1.1 200 OK"
2025-08-29 11:44:20,359 | INFO     | services.quick_summary | [Bilan rapide][Semestre Semestre 4] {'total': 42, 'non_commence': 0, 'en_cours': 1, 'termine': 41}
2025-08-29 11:44:20,359 | INFO     | services.quick_summary | [Bilan rapide] in-place recursive on page 227b9fc3-1e69-8085-92ef-ef51ecca8aca with {'total': 42, 'non_commence': 0, 'en_cours': 1, 'termine': 41}
2025-08-29 11:44:21,039 | INFO     | httpx | HTTP Request: GET https://api.notion.com/v1/blocks/227b9fc3-1e69-8085-92ef-ef51ecca8aca/children "HTTP/1.1 200 OK"
2025-08-29 11:44:21,641 | INFO     | httpx | HTTP Request: GET https://api.notion.com/v1/blocks/227b9fc3-1e69-8071-9725-e9b8f6ec023e/children "HTTP/1.1 200 OK"
2025-08-29 11:44:22,542 | INFO     | httpx | HTTP Request: GET https://api.notion.com/v1/blocks/227b9fc3-1e69-80ae-a85d-cbfa2dc6baf6/children "HTTP/1.1 200 OK"
2025-08-29 11:44:24,531 | INFO     | httpx | HTTP Request: POST https://api.notion.com/v1/databases/215b9fc3-1e69-80b5-9514-ccef8de8e30e/query "HTTP/1.1 200 OK"
2025-08-29 11:44:25,076 | INFO     | httpx | HTTP Request: GET https://api.notion.com/v1/blocks/227b9fc3-1e69-805b-ab0b-d528f64d0df1/children "HTTP/1.1 200 OK"
2025-08-29 11:44:25,077 | INFO     | httpx | HTTP Request: PATCH https://api.notion.com/v1/pages/256b9fc3-1e69-801c-8bd9-c1f856c2281c "HTTP/1.1 200 OK"
2025-08-29 11:44:25,080 | INFO     | services.quick_summary | [Bilan rapide] sections found: 1
2025-08-29 11:44:25,080 | INFO     | services.quick_summary | [Bilan rapide] primary container=227b9fc3-1e69-8085-92ef-ef51ecca8aca heading_idx=20 id=252b9fc3-1e69-810d-990e-cd638de03446
2025-08-29 11:44:25,080 | INFO     | services.quick_summary | [Bilan rapide] bullets under primary: 3
2025-08-29 11:44:25,683 | INFO     | httpx | HTTP Request: GET https://api.notion.com/v1/blocks/25db9fc3-1e69-81a8-8577-dbcb46bd74f4/children "HTTP/1.1 200 OK"
2025-08-29 11:44:26,187 | INFO     | httpx | HTTP Request: POST https://api.notion.com/v1/search "HTTP/1.1 200 OK"
2025-08-29 11:44:26,574 | INFO     | httpx | HTTP Request: PATCH https://api.notion.com/v1/blocks/25eb9fc3-1e69-81df-a67b-dac71e2c8755 "HTTP/1.1 200 OK"
2025-08-29 11:44:27,252 | INFO     | httpx | HTTP Request: POST https://api.notion.com/v1/search "HTTP/1.1 200 OK"
2025-08-29 11:44:27,257 | INFO     | services.quick_summary | [Bilan rapide] Page Semestre 'Semestre 3' → None
2025-08-29 11:44:28,112 | INFO     | httpx | HTTP Request: POST https://api.notion.com/v1/search "HTTP/1.1 200 OK"
2025-08-29 11:44:28,113 | INFO     | services.quick_summary | [Bilan rapide] Page 'Collèges' → 221b9fc3-1e69-80e4-8b33-d3aa0b2c9424
2025-08-29 11:44:29,804 | INFO     | httpx | HTTP Request: PATCH https://api.notion.com/v1/blocks/25db9fc3-1e69-81a8-8577-dbcb46bd74f4/children "HTTP/1.1 200 OK"
2025-08-29 11:44:29,923 | INFO     | httpx | HTTP Request: POST https://api.notion.com/v1/databases/215b9fc3-1e69-80b5-9514-ccef8de8e30e/query "HTTP/1.1 200 OK"
2025-08-29 11:44:29,938 | INFO     | services.quick_summary | [Bilan rapide][Collèges (agrégat)] {'total': 64, 'non_commence': 22, 'en_cours': 1, 'termine': 41}
2025-08-29 11:44:29,938 | INFO     | services.quick_summary | [Bilan rapide] in-place recursive on page 221b9fc3-1e69-80e4-8b33-d3aa0b2c9424 with {'total': 64, 'non_commence': 22, 'en_cours': 1, 'termine': 41}
2025-08-29 11:44:30,513 | INFO     | httpx | HTTP Request: GET https://api.notion.com/v1/blocks/221b9fc3-1e69-80e4-8b33-d3aa0b2c9424/children "HTTP/1.1 200 OK"
2025-08-29 11:44:32,442 | INFO     | httpx | HTTP Request: GET https://api.notion.com/v1/blocks/221b9fc3-1e69-81ca-a256-e6878d7b9291/children "HTTP/1.1 200 OK"
2025-08-29 11:44:32,882 | INFO     | httpx | HTTP Request: POST https://api.notion.com/v1/databases/215b9fc3-1e69-80b5-9514-ccef8de8e30e/query "HTTP/1.1 200 OK"
2025-08-29 11:44:34,989 | INFO     | httpx | HTTP Request: PATCH https://api.notion.com/v1/pages/256b9fc3-1e69-801c-8bd9-c1f856c2281c "HTTP/1.1 200 OK"
2025-08-29 11:44:35,611 | INFO     | httpx | HTTP Request: GET https://api.notion.com/v1/blocks/25db9fc3-1e69-81a8-8577-dbcb46bd74f4/children "HTTP/1.1 200 OK"
2025-08-29 11:44:36,024 | INFO     | httpx | HTTP Request: GET https://api.notion.com/v1/blocks/221b9fc3-1e69-81d6-847d-c17f011ce726/children "HTTP/1.1 200 OK"
2025-08-29 11:44:36,332 | INFO     | httpx | HTTP Request: PATCH https://api.notion.com/v1/blocks/25eb9fc3-1e69-811a-8083-dbf87c9eb908 "HTTP/1.1 200 OK"
2025-08-29 11:44:37,161 | INFO     | httpx | HTTP Request: PATCH https://api.notion.com/v1/blocks/25eb9fc3-1e69-81a1-9562-e952eb031baa "HTTP/1.1 200 OK"
2025-08-29 11:44:37,330 | INFO     | httpx | HTTP Request: GET https://api.notion.com/v1/blocks/221b9fc3-1e69-81b5-a410-f2d041a0f03d/children "HTTP/1.1 200 OK"
2025-08-29 11:44:38,038 | INFO     | httpx | HTTP Request: PATCH https://api.notion.com/v1/blocks/25db9fc3-1e69-81a8-8577-dbcb46bd74f4/children "HTTP/1.1 200 OK"
2025-08-29 11:44:38,983 | INFO     | httpx | HTTP Request: GET https://api.notion.com/v1/blocks/221b9fc3-1e69-8113-afe7-ebb66af6b984/children "HTTP/1.1 200 OK"
2025-08-29 11:44:38,983 | INFO     | services.quick_summary | [Bilan rapide] sections found: 1
2025-08-29 11:44:38,984 | INFO     | services.quick_summary | [Bilan rapide] primary container=221b9fc3-1e69-81d6-847d-c17f011ce726 heading_idx=0 id=221b9fc3-1e69-817d-a0dd-fcc765cea67c
2025-08-29 11:44:38,984 | INFO     | services.quick_summary | [Bilan rapide] bullets under primary: 3
2025-08-29 11:44:38,984 | INFO     | services.quick_summary | [Bilan rapide] update_all() – done
2025-08-29 11:44:38,984 | INFO     | __main__ | [Bilan rapide] Mise à jour terminée.
2025-08-29 11:44:39,065 | INFO     | httpx | HTTP Request: POST https://api.notion.com/v1/databases/215b9fc3-1e69-80b5-9514-ccef8de8e30e/query "HTTP/1.1 200 OK"
2025-08-29 11:44:46,215 | INFO     | __main__ | Changement d'écran vers : colleges
2025-08-29 11:44:46,220 | INFO     | services.actions_manager | [pdf] BASE_FOLDER=G:\Mon Drive\Médecine exists=True
2025-08-29 11:44:46,296 | INFO     | services.actions_manager | [pdf] PDFs vus sur disque: 476
2025-08-29 11:44:46,296 | INFO     | services.actions_manager | [pdf] aucun nouveau PDF
2025-08-29 11:44:46,296 | INFO     | services.actions_manager | [pdf] local_pdf_map: 470 -> 470 entrées
2025-08-29 11:44:46,297 | INFO     | services.actions_manager | [bootstrap] id→path ajoutés=0, mis_à_jour=0, périmés_detectés=0
2025-08-29 11:44:52,490 | INFO     | googleapiclient.discovery_cache | file_cache is only supported with oauth2client<4.0.0
2025-08-29 11:45:00,284 | INFO     | services.notion_client | Client Notion initialisé
2025-08-29 11:45:01,680 | INFO     | httpx | HTTP Request: PATCH https://api.notion.com/v1/pages/25eb9fc3-1e69-80d9-8009-ef644c55dec7 "HTTP/1.1 200 OK"
2025-08-29 11:45:03,345 | INFO     | __main__ | Changement d'écran vers : accueil
2025-08-29 11:45:09,193 | INFO     | __main__ | Changement d'écran vers : colleges
2025-08-29 11:45:11,226 | INFO     | __main__ | Changement d'écran vers : accueil
2025-08-29 11:45:59,418 | INFO     | services.quick_summary | [Bilan rapide] update_all() – start
2025-08-29 11:46:05,985 | INFO     | root | 

--- Nouvelle session Notionator --- 2025-08-29 11:46:05 ---


2025-08-29 11:46:06,053 | INFO     | __main__ | === Lancement de Notionator (fast start) ===
2025-08-29 11:46:06,277 | INFO     | services.notion_client | Client Notion initialisé
2025-08-29 11:46:07,990 | INFO     | httpx | HTTP Request: POST https://api.notion.com/v1/databases/1c9b9fc31e69816fb29fdc0006d36308/query "HTTP/1.1 200 OK"
2025-08-29 11:46:08,149 | INFO     | services.notion_client | Client Notion initialisé
2025-08-29 11:46:08,159 | INFO     | services.actions_manager | [pdf] BASE_FOLDER=G:\Mon Drive\Médecine exists=True
2025-08-29 11:46:08,236 | INFO     | services.actions_manager | [pdf] PDFs vus sur disque: 476
2025-08-29 11:46:08,236 | INFO     | services.actions_manager | [pdf] aucun nouveau PDF
2025-08-29 11:46:08,236 | INFO     | services.actions_manager | [pdf] local_pdf_map: 470 -> 470 entrées
2025-08-29 11:46:08,237 | INFO     | services.actions_manager | [bootstrap] id→path ajoutés=0, mis_à_jour=0, périmés_detectés=0
2025-08-29 11:46:08,543 | INFO     | __main__ | Changement d'écran vers : accueil
2025-08-29 11:46:09,654 | INFO     | httpx | HTTP Request: POST https://api.notion.com/v1/databases/215b9fc3-1e69-80b5-9514-ccef8de8e30e/query "HTTP/1.1 200 OK"
2025-08-29 11:46:09,754 | INFO     | __main__ | UI affichée en 3.70 sec ✔
2025-08-29 11:46:09,754 | INFO     | __main__ | Application démarrée
2025-08-29 11:46:09,913 | INFO     | services.notion_client | Client Notion initialisé
2025-08-29 11:46:09,913 | INFO     | __main__ | [Shortcuts] Raccourcis Ctrl enregistrés.
2025-08-29 11:46:10,521 | INFO     | httpx | HTTP Request: POST https://api.notion.com/v1/databases/215b9fc3-1e69-80b5-9514-ccef8de8e30e/query "HTTP/1.1 200 OK"
2025-08-29 11:46:11,076 | INFO     | httpx | HTTP Request: GET https://api.notion.com/v1/databases/215b9fc3-1e69-80b5-9514-ccef8de8e30e "HTTP/1.1 200 OK"
2025-08-29 11:46:11,187 | INFO     | httpx | HTTP Request: POST https://api.notion.com/v1/databases/215b9fc3-1e69-80b5-9514-ccef8de8e30e/query "HTTP/1.1 200 OK"
2025-08-29 11:46:11,468 | INFO     | httpx | HTTP Request: POST https://api.notion.com/v1/databases/215b9fc3-1e69-80b5-9514-ccef8de8e30e/query "HTTP/1.1 200 OK"
2025-08-29 11:46:11,867 | INFO     | httpx | HTTP Request: POST https://api.notion.com/v1/databases/215b9fc3-1e69-80e3-979e-f0053a3bea4d/query "HTTP/1.1 200 OK"
2025-08-29 11:46:13,914 | INFO     | services.quick_summary | [Bilan rapide] update_all() – start
2025-08-29 11:46:15,051 | INFO     | httpx | HTTP Request: POST https://api.notion.com/v1/databases/215b9fc3-1e69-80b5-9514-ccef8de8e30e/query "HTTP/1.1 200 OK"
2025-08-29 11:46:15,058 | INFO     | services.quick_summary | [Bilan rapide] Semestres: ['Semestre 5', 'Semestre 4', 'Semestre 3']
2025-08-29 11:46:15,887 | INFO     | httpx | HTTP Request: POST https://api.notion.com/v1/search "HTTP/1.1 200 OK"
2025-08-29 11:46:16,802 | INFO     | httpx | HTTP Request: POST https://api.notion.com/v1/search "HTTP/1.1 200 OK"
2025-08-29 11:46:16,804 | INFO     | services.quick_summary | [Bilan rapide] Page Semestre 'Semestre 5' → 215b9fc3-1e69-80be-bf33-f2f800a06777
2025-08-29 11:46:16,901 | INFO     | __main__ | Changement d'écran vers : colleges
2025-08-29 11:46:16,906 | INFO     | services.actions_manager | [pdf] BASE_FOLDER=G:\Mon Drive\Médecine exists=True
2025-08-29 11:46:16,977 | INFO     | services.actions_manager | [pdf] PDFs vus sur disque: 476
2025-08-29 11:46:16,978 | INFO     | services.actions_manager | [pdf] aucun nouveau PDF
2025-08-29 11:46:16,978 | INFO     | services.actions_manager | [pdf] local_pdf_map: 470 -> 470 entrées
2025-08-29 11:46:16,978 | INFO     | services.actions_manager | [bootstrap] id→path ajoutés=0, mis_à_jour=0, périmés_detectés=0
2025-08-29 11:46:18,064 | INFO     | httpx | HTTP Request: POST https://api.notion.com/v1/databases/215b9fc3-1e69-80b5-9514-ccef8de8e30e/query "HTTP/1.1 200 OK"
2025-08-29 11:46:18,065 | INFO     | services.quick_summary | [Bilan rapide][Semestre Semestre 5] {'total': 4, 'non_commence': 3, 'en_cours': 1, 'termine': 0}
2025-08-29 11:46:18,065 | INFO     | services.quick_summary | [Bilan rapide] in-place recursive on page 215b9fc3-1e69-80be-bf33-f2f800a06777 with {'total': 4, 'non_commence': 3, 'en_cours': 1, 'termine': 0}
2025-08-29 11:46:18,720 | INFO     | httpx | HTTP Request: GET https://api.notion.com/v1/blocks/215b9fc3-1e69-80be-bf33-f2f800a06777/children "HTTP/1.1 200 OK"
2025-08-29 11:46:19,273 | INFO     | httpx | HTTP Request: GET https://api.notion.com/v1/blocks/21ab9fc3-1e69-8008-9b7b-f66a6dec42a2/children "HTTP/1.1 200 OK"
2025-08-29 11:46:21,292 | INFO     | httpx | HTTP Request: GET https://api.notion.com/v1/blocks/21ab9fc3-1e69-8095-847c-fa3ae61b15b4/children "HTTP/1.1 200 OK"
2025-08-29 11:46:21,954 | INFO     | httpx | HTTP Request: GET https://api.notion.com/v1/blocks/21ab9fc3-1e69-80e1-95d6-e3a8b7588bca/children "HTTP/1.1 200 OK"
2025-08-29 11:46:24,049 | INFO     | httpx | HTTP Request: GET https://api.notion.com/v1/blocks/21ab9fc3-1e69-801e-ac73-d5f64bcd6005/children "HTTP/1.1 200 OK"
2025-08-29 11:46:24,050 | INFO     | services.quick_summary | [Bilan rapide] sections found: 1
2025-08-29 11:46:24,050 | INFO     | services.quick_summary | [Bilan rapide] primary container=21ab9fc3-1e69-8095-847c-fa3ae61b15b4 heading_idx=0 id=21ab9fc3-1e69-80b4-a9e7-d8f5118ea282
2025-08-29 11:46:24,050 | INFO     | services.quick_summary | [Bilan rapide] bullets under primary: 3
2025-08-29 11:46:25,005 | INFO     | httpx | HTTP Request: POST https://api.notion.com/v1/search "HTTP/1.1 200 OK"
2025-08-29 11:46:25,833 | INFO     | httpx | HTTP Request: POST https://api.notion.com/v1/search "HTTP/1.1 200 OK"
2025-08-29 11:46:25,836 | INFO     | services.quick_summary | [Bilan rapide] Page Semestre 'Semestre 4' → 227b9fc3-1e69-8085-92ef-ef51ecca8aca
2025-08-29 11:46:26,910 | INFO     | httpx | HTTP Request: POST https://api.notion.com/v1/databases/215b9fc3-1e69-80b5-9514-ccef8de8e30e/query "HTTP/1.1 200 OK"
2025-08-29 11:46:26,914 | INFO     | services.quick_summary | [Bilan rapide][Semestre Semestre 4] {'total': 42, 'non_commence': 0, 'en_cours': 1, 'termine': 41}
2025-08-29 11:46:26,915 | INFO     | services.quick_summary | [Bilan rapide] in-place recursive on page 227b9fc3-1e69-8085-92ef-ef51ecca8aca with {'total': 42, 'non_commence': 0, 'en_cours': 1, 'termine': 41}
2025-08-29 11:46:27,639 | INFO     | httpx | HTTP Request: GET https://api.notion.com/v1/blocks/227b9fc3-1e69-8085-92ef-ef51ecca8aca/children "HTTP/1.1 200 OK"
2025-08-29 11:46:28,231 | INFO     | httpx | HTTP Request: GET https://api.notion.com/v1/blocks/227b9fc3-1e69-8071-9725-e9b8f6ec023e/children "HTTP/1.1 200 OK"
2025-08-29 11:46:28,340 | INFO     | services.actions_manager | [bootstrap] id→path ajoutés=0, mis_à_jour=0, périmés_detectés=0
2025-08-29 11:46:28,728 | INFO     | httpx | HTTP Request: GET https://api.notion.com/v1/blocks/227b9fc3-1e69-80ae-a85d-cbfa2dc6baf6/children "HTTP/1.1 200 OK"
2025-08-29 11:46:31,086 | INFO     | httpx | HTTP Request: GET https://api.notion.com/v1/blocks/227b9fc3-1e69-805b-ab0b-d528f64d0df1/children "HTTP/1.1 200 OK"
2025-08-29 11:46:31,096 | INFO     | services.quick_summary | [Bilan rapide] sections found: 1
2025-08-29 11:46:31,096 | INFO     | services.quick_summary | [Bilan rapide] primary container=227b9fc3-1e69-8085-92ef-ef51ecca8aca heading_idx=20 id=252b9fc3-1e69-810d-990e-cd638de03446
2025-08-29 11:46:31,097 | INFO     | services.quick_summary | [Bilan rapide] bullets under primary: 3
2025-08-29 11:46:32,295 | INFO     | httpx | HTTP Request: POST https://api.notion.com/v1/search "HTTP/1.1 200 OK"
2025-08-29 11:46:32,779 | INFO     | httpx | HTTP Request: PATCH https://api.notion.com/v1/pages/25eb9fc3-1e69-80d9-8009-ef644c55dec7 "HTTP/1.1 200 OK"
2025-08-29 11:46:33,250 | INFO     | httpx | HTTP Request: POST https://api.notion.com/v1/search "HTTP/1.1 200 OK"
2025-08-29 11:46:33,775 | INFO     | services.quick_summary | [Bilan rapide] Page Semestre 'Semestre 3' → None
2025-08-29 11:46:35,070 | INFO     | httpx | HTTP Request: POST https://api.notion.com/v1/search "HTTP/1.1 200 OK"
2025-08-29 11:46:35,071 | INFO     | services.quick_summary | [Bilan rapide] Page 'Collèges' → 221b9fc3-1e69-80e4-8b33-d3aa0b2c9424
2025-08-29 11:46:35,253 | INFO     | __main__ | Changement d'écran vers : accueil
2025-08-29 11:46:37,800 | INFO     | services.quick_summary | [Bilan rapide] update_all() – start
2025-08-29 11:46:42,107 | INFO     | root | 

--- Nouvelle session Notionator --- 2025-08-29 11:46:42 ---


2025-08-29 11:46:42,175 | INFO     | __main__ | === Lancement de Notionator (fast start) ===
2025-08-29 11:46:42,415 | INFO     | services.notion_client | Client Notion initialisé
2025-08-29 11:46:58,320 | INFO     | httpx | HTTP Request: POST https://api.notion.com/v1/databases/1c9b9fc31e69816fb29fdc0006d36308/query "HTTP/1.1 200 OK"
2025-08-29 11:46:58,484 | INFO     | services.notion_client | Client Notion initialisé
2025-08-29 11:46:58,494 | INFO     | services.actions_manager | [pdf] BASE_FOLDER=G:\Mon Drive\Médecine exists=True
2025-08-29 11:46:58,567 | INFO     | services.actions_manager | [pdf] PDFs vus sur disque: 476
2025-08-29 11:46:58,567 | INFO     | services.actions_manager | [pdf] aucun nouveau PDF
2025-08-29 11:46:58,567 | INFO     | services.actions_manager | [pdf] local_pdf_map: 470 -> 470 entrées
2025-08-29 11:46:58,569 | INFO     | services.actions_manager | [bootstrap] id→path ajoutés=0, mis_à_jour=0, périmés_detectés=0
2025-08-29 11:46:58,900 | INFO     | __main__ | Changement d'écran vers : accueil
2025-08-29 11:47:02,367 | INFO     | httpx | HTTP Request: POST https://api.notion.com/v1/databases/215b9fc3-1e69-80b5-9514-ccef8de8e30e/query "HTTP/1.1 200 OK"
2025-08-29 11:47:02,485 | INFO     | __main__ | UI affichée en 20.31 sec ✔
2025-08-29 11:47:02,486 | INFO     | __main__ | Application démarrée
2025-08-29 11:47:02,661 | INFO     | services.notion_client | Client Notion initialisé
2025-08-29 11:47:02,661 | INFO     | __main__ | [Shortcuts] Raccourcis Ctrl enregistrés.
2025-08-29 11:47:03,297 | INFO     | httpx | HTTP Request: POST https://api.notion.com/v1/databases/215b9fc3-1e69-80b5-9514-ccef8de8e30e/query "HTTP/1.1 200 OK"
2025-08-29 11:47:03,475 | INFO     | httpx | HTTP Request: GET https://api.notion.com/v1/databases/215b9fc3-1e69-80b5-9514-ccef8de8e30e "HTTP/1.1 200 OK"
2025-08-29 11:47:03,968 | INFO     | httpx | HTTP Request: POST https://api.notion.com/v1/databases/215b9fc3-1e69-80b5-9514-ccef8de8e30e/query "HTTP/1.1 200 OK"
2025-08-29 11:47:05,406 | INFO     | httpx | HTTP Request: POST https://api.notion.com/v1/databases/215b9fc3-1e69-80b5-9514-ccef8de8e30e/query "HTTP/1.1 200 OK"
2025-08-29 11:47:06,662 | INFO     | services.quick_summary | [Bilan rapide] update_all() – start
2025-08-29 11:47:07,214 | INFO     | httpx | HTTP Request: POST https://api.notion.com/v1/databases/215b9fc3-1e69-80e3-979e-f0053a3bea4d/query "HTTP/1.1 200 OK"
2025-08-29 11:47:07,861 | INFO     | httpx | HTTP Request: POST https://api.notion.com/v1/databases/215b9fc3-1e69-80b5-9514-ccef8de8e30e/query "HTTP/1.1 200 OK"
2025-08-29 11:47:07,869 | INFO     | services.quick_summary | [Bilan rapide] Semestres: ['Semestre 5', 'Semestre 4', 'Semestre 3']
2025-08-29 11:47:08,451 | INFO     | httpx | HTTP Request: POST https://api.notion.com/v1/search "HTTP/1.1 200 OK"
2025-08-29 11:47:09,360 | INFO     | httpx | HTTP Request: POST https://api.notion.com/v1/search "HTTP/1.1 200 OK"
2025-08-29 11:47:09,363 | INFO     | services.quick_summary | [Bilan rapide] Page Semestre 'Semestre 5' → 215b9fc3-1e69-80be-bf33-f2f800a06777
2025-08-29 11:47:09,833 | INFO     | httpx | HTTP Request: POST https://api.notion.com/v1/databases/215b9fc3-1e69-80b5-9514-ccef8de8e30e/query "HTTP/1.1 200 OK"
2025-08-29 11:47:10,066 | INFO     | services.quick_summary | [Bilan rapide][Semestre Semestre 5] {'total': 4, 'non_commence': 3, 'en_cours': 1, 'termine': 0}
2025-08-29 11:47:10,066 | INFO     | services.quick_summary | [Bilan rapide] in-place recursive on page 215b9fc3-1e69-80be-bf33-f2f800a06777 with {'total': 4, 'non_commence': 3, 'en_cours': 1, 'termine': 0}
2025-08-29 11:47:10,634 | INFO     | httpx | HTTP Request: GET https://api.notion.com/v1/blocks/215b9fc3-1e69-80be-bf33-f2f800a06777/children "HTTP/1.1 200 OK"
2025-08-29 11:47:13,931 | INFO     | httpx | HTTP Request: GET https://api.notion.com/v1/blocks/21ab9fc3-1e69-8008-9b7b-f66a6dec42a2/children "HTTP/1.1 200 OK"
2025-08-29 11:47:14,381 | INFO     | httpx | HTTP Request: GET https://api.notion.com/v1/blocks/21ab9fc3-1e69-8095-847c-fa3ae61b15b4/children "HTTP/1.1 200 OK"
2025-08-29 11:47:14,917 | INFO     | httpx | HTTP Request: GET https://api.notion.com/v1/blocks/21ab9fc3-1e69-80e1-95d6-e3a8b7588bca/children "HTTP/1.1 200 OK"
2025-08-29 11:47:15,307 | INFO     | httpx | HTTP Request: GET https://api.notion.com/v1/blocks/21ab9fc3-1e69-801e-ac73-d5f64bcd6005/children "HTTP/1.1 200 OK"
2025-08-29 11:47:15,307 | INFO     | services.quick_summary | [Bilan rapide] sections found: 1
2025-08-29 11:47:15,307 | INFO     | services.quick_summary | [Bilan rapide] primary container=21ab9fc3-1e69-8095-847c-fa3ae61b15b4 heading_idx=0 id=21ab9fc3-1e69-80b4-a9e7-d8f5118ea282
2025-08-29 11:47:15,307 | INFO     | services.quick_summary | [Bilan rapide] bullets under primary: 3
2025-08-29 11:47:16,621 | INFO     | httpx | HTTP Request: POST https://api.notion.com/v1/search "HTTP/1.1 200 OK"
2025-08-29 11:47:17,200 | INFO     | httpx | HTTP Request: POST https://api.notion.com/v1/search "HTTP/1.1 200 OK"
2025-08-29 11:47:17,201 | INFO     | services.quick_summary | [Bilan rapide] Page Semestre 'Semestre 4' → 227b9fc3-1e69-8085-92ef-ef51ecca8aca
2025-08-29 11:47:18,146 | INFO     | httpx | HTTP Request: POST https://api.notion.com/v1/databases/215b9fc3-1e69-80b5-9514-ccef8de8e30e/query "HTTP/1.1 200 OK"
2025-08-29 11:47:18,151 | INFO     | services.quick_summary | [Bilan rapide][Semestre Semestre 4] {'total': 42, 'non_commence': 0, 'en_cours': 1, 'termine': 41}
2025-08-29 11:47:18,151 | INFO     | services.quick_summary | [Bilan rapide] in-place recursive on page 227b9fc3-1e69-8085-92ef-ef51ecca8aca with {'total': 42, 'non_commence': 0, 'en_cours': 1, 'termine': 41}
2025-08-29 11:47:20,044 | INFO     | httpx | HTTP Request: GET https://api.notion.com/v1/blocks/227b9fc3-1e69-8085-92ef-ef51ecca8aca/children "HTTP/1.1 200 OK"
2025-08-29 11:47:21,035 | INFO     | httpx | HTTP Request: GET https://api.notion.com/v1/blocks/227b9fc3-1e69-8071-9725-e9b8f6ec023e/children "HTTP/1.1 200 OK"
2025-08-29 11:47:21,478 | INFO     | httpx | HTTP Request: GET https://api.notion.com/v1/blocks/227b9fc3-1e69-80ae-a85d-cbfa2dc6baf6/children "HTTP/1.1 200 OK"
2025-08-29 11:47:22,436 | INFO     | httpx | HTTP Request: GET https://api.notion.com/v1/blocks/227b9fc3-1e69-805b-ab0b-d528f64d0df1/children "HTTP/1.1 200 OK"
2025-08-29 11:47:22,437 | INFO     | services.quick_summary | [Bilan rapide] sections found: 1
2025-08-29 11:47:22,437 | INFO     | services.quick_summary | [Bilan rapide] primary container=227b9fc3-1e69-8085-92ef-ef51ecca8aca heading_idx=20 id=252b9fc3-1e69-810d-990e-cd638de03446
2025-08-29 11:47:22,437 | INFO     | services.quick_summary | [Bilan rapide] bullets under primary: 3
2025-08-29 11:47:23,271 | INFO     | httpx | HTTP Request: POST https://api.notion.com/v1/search "HTTP/1.1 200 OK"
2025-08-29 11:47:24,151 | INFO     | httpx | HTTP Request: POST https://api.notion.com/v1/search "HTTP/1.1 200 OK"
2025-08-29 11:47:24,157 | INFO     | services.quick_summary | [Bilan rapide] Page Semestre 'Semestre 3' → None
2025-08-29 11:47:24,610 | INFO     | httpx | HTTP Request: POST https://api.notion.com/v1/search "HTTP/1.1 200 OK"
2025-08-29 11:47:24,611 | INFO     | services.quick_summary | [Bilan rapide] Page 'Collèges' → 221b9fc3-1e69-80e4-8b33-d3aa0b2c9424
2025-08-29 11:47:25,240 | INFO     | httpx | HTTP Request: POST https://api.notion.com/v1/databases/215b9fc3-1e69-80b5-9514-ccef8de8e30e/query "HTTP/1.1 200 OK"
2025-08-29 11:47:25,247 | INFO     | services.quick_summary | [Bilan rapide][Collèges (agrégat)] {'total': 64, 'non_commence': 22, 'en_cours': 1, 'termine': 41}
2025-08-29 11:47:25,247 | INFO     | services.quick_summary | [Bilan rapide] in-place recursive on page 221b9fc3-1e69-80e4-8b33-d3aa0b2c9424 with {'total': 64, 'non_commence': 22, 'en_cours': 1, 'termine': 41}
2025-08-29 11:47:25,750 | INFO     | httpx | HTTP Request: GET https://api.notion.com/v1/blocks/221b9fc3-1e69-80e4-8b33-d3aa0b2c9424/children "HTTP/1.1 200 OK"
2025-08-29 11:47:26,157 | INFO     | httpx | HTTP Request: GET https://api.notion.com/v1/blocks/221b9fc3-1e69-81ca-a256-e6878d7b9291/children "HTTP/1.1 200 OK"
2025-08-29 11:47:30,284 | INFO     | httpx | HTTP Request: GET https://api.notion.com/v1/blocks/221b9fc3-1e69-81d6-847d-c17f011ce726/children "HTTP/1.1 200 OK"
2025-08-29 11:47:31,621 | INFO     | httpx | HTTP Request: GET https://api.notion.com/v1/blocks/221b9fc3-1e69-81b5-a410-f2d041a0f03d/children "HTTP/1.1 200 OK"
2025-08-29 11:47:32,004 | INFO     | httpx | HTTP Request: GET https://api.notion.com/v1/blocks/221b9fc3-1e69-8113-afe7-ebb66af6b984/children "HTTP/1.1 200 OK"
2025-08-29 11:47:32,005 | INFO     | services.quick_summary | [Bilan rapide] sections found: 1
2025-08-29 11:47:32,005 | INFO     | services.quick_summary | [Bilan rapide] primary container=221b9fc3-1e69-81d6-847d-c17f011ce726 heading_idx=0 id=221b9fc3-1e69-817d-a0dd-fcc765cea67c
2025-08-29 11:47:32,005 | INFO     | services.quick_summary | [Bilan rapide] bullets under primary: 3
2025-08-29 11:47:32,005 | INFO     | services.quick_summary | [Bilan rapide] update_all() – done
2025-08-29 11:47:32,005 | INFO     | __main__ | [Bilan rapide] Mise à jour terminée.
2025-08-29 11:50:03,354 | INFO     | services.quick_summary | [Bilan rapide] update_all() – start
2025-08-29 11:51:15,161 | INFO     | root | 

--- Nouvelle session Notionator --- 2025-08-29 11:51:15 ---


2025-08-29 11:51:15,226 | INFO     | __main__ | === Lancement de Notionator (fast start) ===
2025-08-29 11:51:15,455 | INFO     | services.notion_client | Client Notion initialisé
2025-08-29 11:51:17,860 | INFO     | httpx | HTTP Request: POST https://api.notion.com/v1/databases/1c9b9fc31e69816fb29fdc0006d36308/query "HTTP/1.1 200 OK"
2025-08-29 11:51:18,021 | INFO     | services.notion_client | Client Notion initialisé
2025-08-29 11:51:18,030 | INFO     | services.actions_manager | [pdf] BASE_FOLDER=G:\Mon Drive\Médecine exists=True
2025-08-29 11:51:18,103 | INFO     | services.actions_manager | [pdf] PDFs vus sur disque: 476
2025-08-29 11:51:18,103 | INFO     | services.actions_manager | [pdf] aucun nouveau PDF
2025-08-29 11:51:18,103 | INFO     | services.actions_manager | [pdf] local_pdf_map: 470 -> 470 entrées
2025-08-29 11:51:18,104 | INFO     | services.actions_manager | [bootstrap] id→path ajoutés=0, mis_à_jour=0, périmés_detectés=0
2025-08-29 11:51:18,403 | INFO     | __main__ | Changement d'écran vers : accueil
2025-08-29 11:51:19,282 | INFO     | httpx | HTTP Request: POST https://api.notion.com/v1/databases/215b9fc3-1e69-80b5-9514-ccef8de8e30e/query "HTTP/1.1 200 OK"
2025-08-29 11:51:19,383 | INFO     | __main__ | UI affichée en 4.16 sec ✔
2025-08-29 11:51:19,383 | INFO     | __main__ | Application démarrée
2025-08-29 11:51:19,547 | INFO     | services.notion_client | Client Notion initialisé
2025-08-29 11:51:19,547 | INFO     | __main__ | [Shortcuts] Raccourcis Ctrl enregistrés.
2025-08-29 11:51:20,000 | INFO     | httpx | HTTP Request: POST https://api.notion.com/v1/databases/215b9fc3-1e69-80b5-9514-ccef8de8e30e/query "HTTP/1.1 200 OK"
2025-08-29 11:51:20,461 | INFO     | httpx | HTTP Request: GET https://api.notion.com/v1/databases/215b9fc3-1e69-80b5-9514-ccef8de8e30e "HTTP/1.1 200 OK"
2025-08-29 11:51:20,818 | INFO     | httpx | HTTP Request: POST https://api.notion.com/v1/databases/215b9fc3-1e69-80b5-9514-ccef8de8e30e/query "HTTP/1.1 200 OK"
2025-08-29 11:51:20,837 | INFO     | httpx | HTTP Request: POST https://api.notion.com/v1/databases/215b9fc3-1e69-80b5-9514-ccef8de8e30e/query "HTTP/1.1 200 OK"
2025-08-29 11:51:21,475 | INFO     | httpx | HTTP Request: POST https://api.notion.com/v1/databases/215b9fc3-1e69-80e3-979e-f0053a3bea4d/query "HTTP/1.1 200 OK"
2025-08-29 11:51:23,519 | INFO     | httpx | HTTP Request: PATCH https://api.notion.com/v1/pages/25db9fc3-1e69-81a8-8577-dbcb46bd74f4 "HTTP/1.1 200 OK"
2025-08-29 11:51:23,566 | INFO     | services.quick_summary | [Bilan rapide] update_all() – start
2025-08-29 11:51:24,756 | INFO     | httpx | HTTP Request: POST https://api.notion.com/v1/databases/215b9fc3-1e69-80b5-9514-ccef8de8e30e/query "HTTP/1.1 200 OK"
2025-08-29 11:51:24,762 | INFO     | services.quick_summary | [Bilan rapide] Semestres: ['Semestre 5', 'Semestre 4', 'Semestre 3']
2025-08-29 11:51:25,598 | INFO     | httpx | HTTP Request: POST https://api.notion.com/v1/search "HTTP/1.1 200 OK"
2025-08-29 11:51:26,396 | INFO     | httpx | HTTP Request: POST https://api.notion.com/v1/search "HTTP/1.1 200 OK"
2025-08-29 11:51:26,398 | INFO     | services.quick_summary | [Bilan rapide] Page Semestre 'Semestre 5' → 215b9fc3-1e69-80be-bf33-f2f800a06777
2025-08-29 11:51:27,074 | INFO     | httpx | HTTP Request: POST https://api.notion.com/v1/databases/215b9fc3-1e69-80b5-9514-ccef8de8e30e/query "HTTP/1.1 200 OK"
2025-08-29 11:51:27,076 | INFO     | services.quick_summary | [Bilan rapide][Semestre Semestre 5] {'total': 4, 'non_commence': 3, 'en_cours': 1, 'termine': 0}
2025-08-29 11:51:27,076 | INFO     | services.quick_summary | [Bilan rapide] in-place recursive on page 215b9fc3-1e69-80be-bf33-f2f800a06777 with {'total': 4, 'non_commence': 3, 'en_cours': 1, 'termine': 0}
2025-08-29 11:51:28,353 | INFO     | httpx | HTTP Request: POST https://api.notion.com/v1/databases/215b9fc3-1e69-80b5-9514-ccef8de8e30e/query "HTTP/1.1 200 OK"
2025-08-29 11:51:28,986 | INFO     | __main__ | Changement d'écran vers : colleges
2025-08-29 11:51:28,990 | INFO     | services.actions_manager | [pdf] BASE_FOLDER=G:\Mon Drive\Médecine exists=True
2025-08-29 11:51:29,064 | INFO     | services.actions_manager | [pdf] PDFs vus sur disque: 476
2025-08-29 11:51:29,064 | INFO     | services.actions_manager | [pdf] aucun nouveau PDF
2025-08-29 11:51:29,064 | INFO     | services.actions_manager | [pdf] local_pdf_map: 470 -> 470 entrées
2025-08-29 11:51:29,065 | INFO     | services.actions_manager | [bootstrap] id→path ajoutés=0, mis_à_jour=0, périmés_detectés=0
2025-08-29 11:51:29,155 | INFO     | httpx | HTTP Request: GET https://api.notion.com/v1/blocks/215b9fc3-1e69-80be-bf33-f2f800a06777/children "HTTP/1.1 200 OK"
2025-08-29 11:51:30,830 | INFO     | httpx | HTTP Request: GET https://api.notion.com/v1/blocks/21ab9fc3-1e69-8008-9b7b-f66a6dec42a2/children "HTTP/1.1 200 OK"
2025-08-29 11:51:31,569 | INFO     | httpx | HTTP Request: GET https://api.notion.com/v1/blocks/21ab9fc3-1e69-8095-847c-fa3ae61b15b4/children "HTTP/1.1 200 OK"
2025-08-29 11:51:32,090 | INFO     | httpx | HTTP Request: GET https://api.notion.com/v1/blocks/21ab9fc3-1e69-80e1-95d6-e3a8b7588bca/children "HTTP/1.1 200 OK"
2025-08-29 11:51:33,319 | INFO     | httpx | HTTP Request: GET https://api.notion.com/v1/blocks/21ab9fc3-1e69-801e-ac73-d5f64bcd6005/children "HTTP/1.1 200 OK"
2025-08-29 11:51:33,320 | INFO     | services.quick_summary | [Bilan rapide] sections found: 1
2025-08-29 11:51:33,320 | INFO     | services.quick_summary | [Bilan rapide] primary container=21ab9fc3-1e69-8095-847c-fa3ae61b15b4 heading_idx=0 id=21ab9fc3-1e69-80b4-a9e7-d8f5118ea282
2025-08-29 11:51:33,320 | INFO     | services.quick_summary | [Bilan rapide] bullets under primary: 3
2025-08-29 11:51:34,010 | INFO     | httpx | HTTP Request: POST https://api.notion.com/v1/search "HTTP/1.1 200 OK"
2025-08-29 11:51:34,760 | INFO     | httpx | HTTP Request: POST https://api.notion.com/v1/search "HTTP/1.1 200 OK"
2025-08-29 11:51:34,793 | INFO     | services.quick_summary | [Bilan rapide] Page Semestre 'Semestre 4' → 227b9fc3-1e69-8085-92ef-ef51ecca8aca
2025-08-29 11:51:35,515 | INFO     | httpx | HTTP Request: POST https://api.notion.com/v1/databases/215b9fc3-1e69-80b5-9514-ccef8de8e30e/query "HTTP/1.1 200 OK"
2025-08-29 11:51:35,537 | INFO     | services.quick_summary | [Bilan rapide][Semestre Semestre 4] {'total': 42, 'non_commence': 0, 'en_cours': 1, 'termine': 41}
2025-08-29 11:51:35,537 | INFO     | services.quick_summary | [Bilan rapide] in-place recursive on page 227b9fc3-1e69-8085-92ef-ef51ecca8aca with {'total': 42, 'non_commence': 0, 'en_cours': 1, 'termine': 41}
2025-08-29 11:51:36,125 | INFO     | httpx | HTTP Request: GET https://api.notion.com/v1/blocks/227b9fc3-1e69-8085-92ef-ef51ecca8aca/children "HTTP/1.1 200 OK"
2025-08-29 11:51:42,389 | INFO     | httpx | HTTP Request: PATCH https://api.notion.com/v1/pages/25eb9fc3-1e69-80d9-8009-ef644c55dec7 "HTTP/1.1 200 OK"
2025-08-29 11:51:46,833 | INFO     | __main__ | Changement d'écran vers : accueil
2025-08-29 11:51:53,840 | INFO     | httpx | HTTP Request: GET https://api.notion.com/v1/blocks/227b9fc3-1e69-8071-9725-e9b8f6ec023e/children "HTTP/1.1 200 OK"
2025-08-29 11:51:54,815 | INFO     | httpx | HTTP Request: GET https://api.notion.com/v1/blocks/227b9fc3-1e69-80ae-a85d-cbfa2dc6baf6/children "HTTP/1.1 200 OK"
2025-08-29 11:51:56,005 | INFO     | httpx | HTTP Request: GET https://api.notion.com/v1/blocks/227b9fc3-1e69-805b-ab0b-d528f64d0df1/children "HTTP/1.1 200 OK"
2025-08-29 11:51:56,006 | INFO     | services.quick_summary | [Bilan rapide] sections found: 1
2025-08-29 11:51:56,006 | INFO     | services.quick_summary | [Bilan rapide] primary container=227b9fc3-1e69-8085-92ef-ef51ecca8aca heading_idx=20 id=252b9fc3-1e69-810d-990e-cd638de03446
2025-08-29 11:51:56,006 | INFO     | services.quick_summary | [Bilan rapide] bullets under primary: 3
2025-08-29 11:51:59,556 | INFO     | httpx | HTTP Request: POST https://api.notion.com/v1/search "HTTP/1.1 200 OK"
2025-08-29 11:52:02,251 | INFO     | httpx | HTTP Request: POST https://api.notion.com/v1/search "HTTP/1.1 200 OK"
2025-08-29 11:52:02,255 | INFO     | services.quick_summary | [Bilan rapide] Page Semestre 'Semestre 3' → None
2025-08-29 11:52:02,973 | INFO     | httpx | HTTP Request: POST https://api.notion.com/v1/search "HTTP/1.1 200 OK"
2025-08-29 11:52:02,974 | INFO     | services.quick_summary | [Bilan rapide] Page 'Collèges' → 221b9fc3-1e69-80e4-8b33-d3aa0b2c9424
2025-08-29 11:52:03,911 | INFO     | httpx | HTTP Request: POST https://api.notion.com/v1/databases/215b9fc3-1e69-80b5-9514-ccef8de8e30e/query "HTTP/1.1 200 OK"
2025-08-29 11:52:03,919 | INFO     | services.quick_summary | [Bilan rapide][Collèges (agrégat)] {'total': 64, 'non_commence': 22, 'en_cours': 1, 'termine': 41}
2025-08-29 11:52:03,920 | INFO     | services.quick_summary | [Bilan rapide] in-place recursive on page 221b9fc3-1e69-80e4-8b33-d3aa0b2c9424 with {'total': 64, 'non_commence': 22, 'en_cours': 1, 'termine': 41}
2025-08-29 11:52:04,515 | INFO     | httpx | HTTP Request: GET https://api.notion.com/v1/blocks/221b9fc3-1e69-80e4-8b33-d3aa0b2c9424/children "HTTP/1.1 200 OK"
2025-08-29 11:52:05,230 | INFO     | httpx | HTTP Request: GET https://api.notion.com/v1/blocks/221b9fc3-1e69-81ca-a256-e6878d7b9291/children "HTTP/1.1 200 OK"
2025-08-29 11:52:05,812 | INFO     | httpx | HTTP Request: GET https://api.notion.com/v1/blocks/221b9fc3-1e69-81d6-847d-c17f011ce726/children "HTTP/1.1 200 OK"
2025-08-29 11:52:06,382 | INFO     | httpx | HTTP Request: GET https://api.notion.com/v1/blocks/221b9fc3-1e69-81b5-a410-f2d041a0f03d/children "HTTP/1.1 200 OK"
2025-08-29 11:52:06,921 | INFO     | httpx | HTTP Request: GET https://api.notion.com/v1/blocks/221b9fc3-1e69-8113-afe7-ebb66af6b984/children "HTTP/1.1 200 OK"
2025-08-29 11:52:06,921 | INFO     | services.quick_summary | [Bilan rapide] sections found: 1
2025-08-29 11:52:06,921 | INFO     | services.quick_summary | [Bilan rapide] primary container=221b9fc3-1e69-81d6-847d-c17f011ce726 heading_idx=0 id=221b9fc3-1e69-817d-a0dd-fcc765cea67c
2025-08-29 11:52:06,921 | INFO     | services.quick_summary | [Bilan rapide] bullets under primary: 3
2025-08-29 11:52:06,921 | INFO     | services.quick_summary | [Bilan rapide] update_all() – done
2025-08-29 11:52:06,922 | INFO     | __main__ | [Bilan rapide] Mise à jour terminée.
2025-08-29 11:53:52,933 | INFO     | __main__ | Changement d'écran vers : accueil
2025-08-29 11:53:54,769 | INFO     | __main__ | Changement d'écran vers : colleges
2025-08-29 11:53:55,885 | INFO     | __main__ | Changement d'écran vers : accueil
2025-08-29 11:53:56,523 | INFO     | __main__ | Changement d'écran vers : accueil
2025-08-29 11:53:57,988 | INFO     | services.quick_summary | [Bilan rapide] update_all() – start
2025-08-29 12:57:17,771 | INFO     | root | 

--- Nouvelle session Notionator --- 2025-08-29 12:57:17 ---


2025-08-29 12:57:18,180 | INFO     | __main__ | === Lancement de Notionator (fast start) ===
2025-08-29 12:57:18,484 | INFO     | services.notion_client | Client Notion initialisé
2025-08-29 12:57:20,040 | INFO     | httpx | HTTP Request: POST https://api.notion.com/v1/databases/1c9b9fc31e69816fb29fdc0006d36308/query "HTTP/1.1 200 OK"
2025-08-29 12:57:20,214 | INFO     | services.notion_client | Client Notion initialisé
2025-08-29 12:57:20,252 | INFO     | services.actions_manager | [pdf] BASE_FOLDER=G:\Mon Drive\Médecine exists=True
2025-08-29 12:57:20,357 | INFO     | services.actions_manager | [pdf] PDFs vus sur disque: 476
2025-08-29 12:57:20,357 | INFO     | services.actions_manager | [pdf] aucun nouveau PDF
2025-08-29 12:57:20,357 | INFO     | services.actions_manager | [pdf] local_pdf_map: 470 -> 470 entrées
2025-08-29 12:57:20,359 | INFO     | services.actions_manager | [bootstrap] id→path ajoutés=0, mis_à_jour=0, périmés_detectés=0
2025-08-29 12:57:20,837 | INFO     | __main__ | Changement d'écran vers : accueil
2025-08-29 12:57:22,565 | INFO     | httpx | HTTP Request: POST https://api.notion.com/v1/databases/215b9fc3-1e69-80b5-9514-ccef8de8e30e/query "HTTP/1.1 200 OK"
2025-08-29 12:57:22,697 | INFO     | __main__ | UI affichée en 4.52 sec ✔
2025-08-29 12:57:22,697 | INFO     | __main__ | Application démarrée
2025-08-29 12:57:22,876 | INFO     | services.notion_client | Client Notion initialisé
2025-08-29 12:57:22,876 | INFO     | __main__ | [Shortcuts] Raccourcis Ctrl enregistrés.
2025-08-29 12:57:23,928 | INFO     | httpx | HTTP Request: GET https://api.notion.com/v1/databases/215b9fc3-1e69-80b5-9514-ccef8de8e30e "HTTP/1.1 200 OK"
2025-08-29 12:57:24,001 | INFO     | httpx | HTTP Request: POST https://api.notion.com/v1/databases/215b9fc3-1e69-80b5-9514-ccef8de8e30e/query "HTTP/1.1 200 OK"
2025-08-29 12:57:24,555 | INFO     | httpx | HTTP Request: POST https://api.notion.com/v1/databases/215b9fc3-1e69-80b5-9514-ccef8de8e30e/query "HTTP/1.1 200 OK"
2025-08-29 12:57:24,729 | INFO     | httpx | HTTP Request: POST https://api.notion.com/v1/databases/215b9fc3-1e69-80e3-979e-f0053a3bea4d/query "HTTP/1.1 200 OK"
2025-08-29 12:57:26,889 | INFO     | services.quick_summary | [Bilan rapide] update_all() – start
2025-08-29 12:57:27,422 | INFO     | __main__ | Changement d'écran vers : colleges
2025-08-29 12:57:27,427 | INFO     | services.actions_manager | [pdf] BASE_FOLDER=G:\Mon Drive\Médecine exists=True
2025-08-29 12:57:27,515 | INFO     | services.actions_manager | [pdf] PDFs vus sur disque: 476
2025-08-29 12:57:27,515 | INFO     | services.actions_manager | [pdf] aucun nouveau PDF
2025-08-29 12:57:27,515 | INFO     | services.actions_manager | [pdf] local_pdf_map: 470 -> 470 entrées
2025-08-29 12:57:27,516 | INFO     | services.actions_manager | [bootstrap] id→path ajoutés=0, mis_à_jour=0, périmés_detectés=0
2025-08-29 12:57:28,327 | INFO     | httpx | HTTP Request: POST https://api.notion.com/v1/databases/215b9fc3-1e69-80b5-9514-ccef8de8e30e/query "HTTP/1.1 200 OK"
2025-08-29 12:57:28,392 | INFO     | services.quick_summary | [Bilan rapide] Semestres: ['Semestre 5', 'Semestre 4', 'Semestre 3']
2025-08-29 12:57:29,081 | INFO     | httpx | HTTP Request: POST https://api.notion.com/v1/databases/215b9fc3-1e69-80b5-9514-ccef8de8e30e/query "HTTP/1.1 200 OK"
2025-08-29 12:57:31,250 | INFO     | httpx | HTTP Request: POST https://api.notion.com/v1/search "HTTP/1.1 200 OK"
2025-08-29 12:57:32,199 | INFO     | httpx | HTTP Request: POST https://api.notion.com/v1/search "HTTP/1.1 200 OK"
2025-08-29 12:57:32,201 | INFO     | services.quick_summary | [Bilan rapide] Page Semestre 'Semestre 5' → 215b9fc3-1e69-80be-bf33-f2f800a06777
2025-08-29 12:57:34,449 | INFO     | httpx | HTTP Request: POST https://api.notion.com/v1/databases/215b9fc3-1e69-80b5-9514-ccef8de8e30e/query "HTTP/1.1 200 OK"
2025-08-29 12:57:34,451 | INFO     | services.quick_summary | [Bilan rapide][Semestre Semestre 5] {'total': 4, 'non_commence': 3, 'en_cours': 1, 'termine': 0}
2025-08-29 12:57:34,451 | INFO     | services.quick_summary | [Bilan rapide] in-place recursive on page 215b9fc3-1e69-80be-bf33-f2f800a06777 with {'total': 4, 'non_commence': 3, 'en_cours': 1, 'termine': 0}
2025-08-29 12:57:35,056 | INFO     | httpx | HTTP Request: GET https://api.notion.com/v1/blocks/215b9fc3-1e69-80be-bf33-f2f800a06777/children "HTTP/1.1 200 OK"
2025-08-29 12:57:35,606 | INFO     | httpx | HTTP Request: PATCH https://api.notion.com/v1/pages/256b9fc3-1e69-8015-b6e1-f74b0f927183 "HTTP/1.1 200 OK"
2025-08-29 12:57:36,049 | INFO     | httpx | HTTP Request: GET https://api.notion.com/v1/blocks/21ab9fc3-1e69-8008-9b7b-f66a6dec42a2/children "HTTP/1.1 200 OK"
2025-08-29 12:57:39,100 | INFO     | httpx | HTTP Request: GET https://api.notion.com/v1/blocks/21ab9fc3-1e69-8095-847c-fa3ae61b15b4/children "HTTP/1.1 200 OK"
2025-08-29 12:57:39,170 | INFO     | __main__ | Changement d'écran vers : accueil
2025-08-29 12:57:39,646 | INFO     | httpx | HTTP Request: GET https://api.notion.com/v1/blocks/21ab9fc3-1e69-80e1-95d6-e3a8b7588bca/children "HTTP/1.1 200 OK"
2025-08-29 12:57:40,607 | INFO     | httpx | HTTP Request: GET https://api.notion.com/v1/blocks/21ab9fc3-1e69-801e-ac73-d5f64bcd6005/children "HTTP/1.1 200 OK"
2025-08-29 12:57:40,607 | INFO     | services.quick_summary | [Bilan rapide] sections found: 1
2025-08-29 12:57:40,607 | INFO     | services.quick_summary | [Bilan rapide] primary container=21ab9fc3-1e69-8095-847c-fa3ae61b15b4 heading_idx=0 id=21ab9fc3-1e69-80b4-a9e7-d8f5118ea282
2025-08-29 12:57:40,607 | INFO     | services.quick_summary | [Bilan rapide] bullets under primary: 3
2025-08-29 12:57:41,566 | INFO     | httpx | HTTP Request: POST https://api.notion.com/v1/search "HTTP/1.1 200 OK"
2025-08-29 12:57:42,299 | INFO     | httpx | HTTP Request: POST https://api.notion.com/v1/search "HTTP/1.1 200 OK"
2025-08-29 12:57:42,313 | INFO     | services.quick_summary | [Bilan rapide] Page Semestre 'Semestre 4' → 227b9fc3-1e69-8085-92ef-ef51ecca8aca
2025-08-29 12:57:43,041 | INFO     | httpx | HTTP Request: POST https://api.notion.com/v1/databases/215b9fc3-1e69-80b5-9514-ccef8de8e30e/query "HTTP/1.1 200 OK"
2025-08-29 12:57:43,048 | INFO     | services.quick_summary | [Bilan rapide][Semestre Semestre 4] {'total': 42, 'non_commence': 0, 'en_cours': 1, 'termine': 41}
2025-08-29 12:57:43,048 | INFO     | services.quick_summary | [Bilan rapide] in-place recursive on page 227b9fc3-1e69-8085-92ef-ef51ecca8aca with {'total': 42, 'non_commence': 0, 'en_cours': 1, 'termine': 41}
2025-08-29 12:57:44,664 | INFO     | httpx | HTTP Request: GET https://api.notion.com/v1/blocks/227b9fc3-1e69-8085-92ef-ef51ecca8aca/children "HTTP/1.1 200 OK"
2025-08-29 12:57:48,183 | INFO     | httpx | HTTP Request: GET https://api.notion.com/v1/blocks/227b9fc3-1e69-8071-9725-e9b8f6ec023e/children "HTTP/1.1 200 OK"
2025-08-29 12:57:49,201 | INFO     | httpx | HTTP Request: GET https://api.notion.com/v1/blocks/227b9fc3-1e69-80ae-a85d-cbfa2dc6baf6/children "HTTP/1.1 200 OK"
2025-08-29 12:57:51,230 | INFO     | httpx | HTTP Request: GET https://api.notion.com/v1/blocks/227b9fc3-1e69-805b-ab0b-d528f64d0df1/children "HTTP/1.1 200 OK"
2025-08-29 12:57:51,231 | INFO     | services.quick_summary | [Bilan rapide] sections found: 1
2025-08-29 12:57:51,231 | INFO     | services.quick_summary | [Bilan rapide] primary container=227b9fc3-1e69-8085-92ef-ef51ecca8aca heading_idx=20 id=252b9fc3-1e69-810d-990e-cd638de03446
2025-08-29 12:57:51,231 | INFO     | services.quick_summary | [Bilan rapide] bullets under primary: 3
2025-08-29 12:57:52,573 | INFO     | httpx | HTTP Request: POST https://api.notion.com/v1/search "HTTP/1.1 200 OK"
2025-08-29 12:57:57,217 | INFO     | httpx | HTTP Request: POST https://api.notion.com/v1/search "HTTP/1.1 200 OK"
2025-08-29 12:57:57,231 | INFO     | services.quick_summary | [Bilan rapide] Page Semestre 'Semestre 3' → None
2025-08-29 12:57:59,159 | INFO     | httpx | HTTP Request: POST https://api.notion.com/v1/search "HTTP/1.1 200 OK"
2025-08-29 12:57:59,159 | INFO     | services.quick_summary | [Bilan rapide] Page 'Collèges' → 221b9fc3-1e69-80e4-8b33-d3aa0b2c9424
2025-08-29 12:58:00,016 | INFO     | httpx | HTTP Request: POST https://api.notion.com/v1/databases/215b9fc3-1e69-80b5-9514-ccef8de8e30e/query "HTTP/1.1 200 OK"
2025-08-29 12:58:00,021 | INFO     | services.quick_summary | [Bilan rapide][Collèges (agrégat)] {'total': 64, 'non_commence': 22, 'en_cours': 1, 'termine': 41}
2025-08-29 12:58:00,021 | INFO     | services.quick_summary | [Bilan rapide] in-place recursive on page 221b9fc3-1e69-80e4-8b33-d3aa0b2c9424 with {'total': 64, 'non_commence': 22, 'en_cours': 1, 'termine': 41}
2025-08-29 12:58:00,670 | INFO     | httpx | HTTP Request: GET https://api.notion.com/v1/blocks/221b9fc3-1e69-80e4-8b33-d3aa0b2c9424/children "HTTP/1.1 200 OK"
2025-08-29 12:58:02,376 | INFO     | httpx | HTTP Request: GET https://api.notion.com/v1/blocks/221b9fc3-1e69-81ca-a256-e6878d7b9291/children "HTTP/1.1 200 OK"
2025-08-29 12:58:02,845 | INFO     | httpx | HTTP Request: GET https://api.notion.com/v1/blocks/221b9fc3-1e69-81d6-847d-c17f011ce726/children "HTTP/1.1 200 OK"
2025-08-29 12:58:03,366 | INFO     | httpx | HTTP Request: GET https://api.notion.com/v1/blocks/221b9fc3-1e69-81b5-a410-f2d041a0f03d/children "HTTP/1.1 200 OK"
2025-08-29 12:58:04,196 | INFO     | httpx | HTTP Request: GET https://api.notion.com/v1/blocks/221b9fc3-1e69-8113-afe7-ebb66af6b984/children "HTTP/1.1 200 OK"
2025-08-29 12:58:04,197 | INFO     | services.quick_summary | [Bilan rapide] sections found: 1
2025-08-29 12:58:04,197 | INFO     | services.quick_summary | [Bilan rapide] primary container=221b9fc3-1e69-81d6-847d-c17f011ce726 heading_idx=0 id=221b9fc3-1e69-817d-a0dd-fcc765cea67c
2025-08-29 12:58:04,197 | INFO     | services.quick_summary | [Bilan rapide] bullets under primary: 3
2025-08-29 12:58:04,197 | INFO     | services.quick_summary | [Bilan rapide] update_all() – done
2025-08-29 12:58:04,197 | INFO     | __main__ | [Bilan rapide] Mise à jour terminée.
2025-08-29 12:58:11,999 | INFO     | services.quick_summary | [Bilan rapide] update_all() – start
2025-08-29 13:38:55,926 | INFO     | root | 

--- Nouvelle session Notionator --- 2025-08-29 13:38:55 ---


2025-08-29 13:38:55,997 | INFO     | __main__ | === Lancement de Notionator (fast start) ===
2025-08-29 13:38:56,256 | INFO     | services.notion_client | Client Notion initialisé
2025-08-29 13:38:57,173 | INFO     | httpx | HTTP Request: POST https://api.notion.com/v1/databases/1c9b9fc31e69816fb29fdc0006d36308/query "HTTP/1.1 200 OK"
2025-08-29 13:38:57,361 | INFO     | services.notion_client | Client Notion initialisé
2025-08-29 13:38:57,376 | INFO     | services.actions_manager | [pdf] BASE_FOLDER=G:\Mon Drive\Médecine exists=True
2025-08-29 13:38:57,451 | INFO     | services.actions_manager | [pdf] PDFs vus sur disque: 476
2025-08-29 13:38:57,451 | INFO     | services.actions_manager | [pdf] aucun nouveau PDF
2025-08-29 13:38:57,451 | INFO     | services.actions_manager | [pdf] local_pdf_map: 470 -> 470 entrées
2025-08-29 13:38:57,452 | INFO     | services.actions_manager | [bootstrap] id→path ajoutés=0, mis_à_jour=0, périmés_detectés=0
2025-08-29 13:38:57,773 | INFO     | __main__ | Changement d'écran vers : accueil
2025-08-29 13:38:58,895 | INFO     | httpx | HTTP Request: POST https://api.notion.com/v1/databases/215b9fc3-1e69-80b5-9514-ccef8de8e30e/query "HTTP/1.1 200 OK"
2025-08-29 13:38:59,013 | INFO     | __main__ | UI affichée en 3.02 sec ✔
2025-08-29 13:38:59,013 | INFO     | __main__ | Application démarrée
2025-08-29 13:38:59,188 | INFO     | services.notion_client | Client Notion initialisé
2025-08-29 13:38:59,188 | INFO     | __main__ | [Shortcuts] Raccourcis Ctrl enregistrés.
2025-08-29 13:39:00,537 | INFO     | httpx | HTTP Request: POST https://api.notion.com/v1/databases/215b9fc3-1e69-80b5-9514-ccef8de8e30e/query "HTTP/1.1 200 OK"
2025-08-29 13:39:01,090 | INFO     | httpx | HTTP Request: GET https://api.notion.com/v1/databases/215b9fc3-1e69-80b5-9514-ccef8de8e30e "HTTP/1.1 200 OK"
2025-08-29 13:39:01,728 | INFO     | httpx | HTTP Request: POST https://api.notion.com/v1/databases/215b9fc3-1e69-80b5-9514-ccef8de8e30e/query "HTTP/1.1 200 OK"
2025-08-29 13:39:03,095 | INFO     | httpx | HTTP Request: POST https://api.notion.com/v1/databases/215b9fc3-1e69-80e3-979e-f0053a3bea4d/query "HTTP/1.1 200 OK"
2025-08-29 13:39:03,192 | INFO     | services.quick_summary | [Bilan rapide] update_all() – start
2025-08-29 13:39:03,409 | INFO     | httpx | HTTP Request: POST https://api.notion.com/v1/databases/215b9fc3-1e69-80b5-9514-ccef8de8e30e/query "HTTP/1.1 200 OK"
2025-08-29 13:39:04,470 | INFO     | httpx | HTTP Request: POST https://api.notion.com/v1/databases/215b9fc3-1e69-80b5-9514-ccef8de8e30e/query "HTTP/1.1 200 OK"
2025-08-29 13:39:04,477 | INFO     | services.quick_summary | [Bilan rapide] Semestres: ['Semestre 5', 'Semestre 4', 'Semestre 3']
2025-08-29 13:39:06,810 | INFO     | httpx | HTTP Request: POST https://api.notion.com/v1/search "HTTP/1.1 200 OK"
2025-08-29 13:39:07,640 | INFO     | httpx | HTTP Request: POST https://api.notion.com/v1/search "HTTP/1.1 200 OK"
2025-08-29 13:39:07,643 | INFO     | services.quick_summary | [Bilan rapide] Page Semestre 'Semestre 5' → 215b9fc3-1e69-80be-bf33-f2f800a06777
2025-08-29 13:39:09,145 | INFO     | httpx | HTTP Request: POST https://api.notion.com/v1/databases/215b9fc3-1e69-80b5-9514-ccef8de8e30e/query "HTTP/1.1 200 OK"
2025-08-29 13:39:09,146 | INFO     | services.quick_summary | [Bilan rapide][Semestre Semestre 5] {'total': 4, 'non_commence': 3, 'en_cours': 1, 'termine': 0}
2025-08-29 13:39:09,146 | INFO     | services.quick_summary | [Bilan rapide] in-place recursive on page 215b9fc3-1e69-80be-bf33-f2f800a06777 with {'total': 4, 'non_commence': 3, 'en_cours': 1, 'termine': 0}
2025-08-29 13:39:09,769 | INFO     | httpx | HTTP Request: GET https://api.notion.com/v1/blocks/215b9fc3-1e69-80be-bf33-f2f800a06777/children "HTTP/1.1 200 OK"
2025-08-29 13:39:10,337 | INFO     | httpx | HTTP Request: GET https://api.notion.com/v1/blocks/21ab9fc3-1e69-8008-9b7b-f66a6dec42a2/children "HTTP/1.1 200 OK"
2025-08-29 13:39:11,023 | INFO     | httpx | HTTP Request: GET https://api.notion.com/v1/blocks/21ab9fc3-1e69-8095-847c-fa3ae61b15b4/children "HTTP/1.1 200 OK"
2025-08-29 13:39:11,699 | INFO     | httpx | HTTP Request: GET https://api.notion.com/v1/blocks/21ab9fc3-1e69-80e1-95d6-e3a8b7588bca/children "HTTP/1.1 200 OK"
2025-08-29 13:39:14,169 | INFO     | httpx | HTTP Request: GET https://api.notion.com/v1/blocks/21ab9fc3-1e69-801e-ac73-d5f64bcd6005/children "HTTP/1.1 200 OK"
2025-08-29 13:39:14,169 | INFO     | services.quick_summary | [Bilan rapide] sections found: 1
2025-08-29 13:39:14,169 | INFO     | services.quick_summary | [Bilan rapide] primary container=21ab9fc3-1e69-8095-847c-fa3ae61b15b4 heading_idx=0 id=21ab9fc3-1e69-80b4-a9e7-d8f5118ea282
2025-08-29 13:39:14,169 | INFO     | services.quick_summary | [Bilan rapide] bullets under primary: 3
2025-08-29 13:39:15,135 | INFO     | httpx | HTTP Request: POST https://api.notion.com/v1/search "HTTP/1.1 200 OK"
2025-08-29 13:39:17,895 | INFO     | httpx | HTTP Request: POST https://api.notion.com/v1/search "HTTP/1.1 200 OK"
2025-08-29 13:39:17,897 | INFO     | services.quick_summary | [Bilan rapide] Page Semestre 'Semestre 4' → 227b9fc3-1e69-8085-92ef-ef51ecca8aca
2025-08-29 13:39:18,672 | INFO     | httpx | HTTP Request: POST https://api.notion.com/v1/databases/215b9fc3-1e69-80b5-9514-ccef8de8e30e/query "HTTP/1.1 200 OK"
2025-08-29 13:39:18,679 | INFO     | services.quick_summary | [Bilan rapide][Semestre Semestre 4] {'total': 42, 'non_commence': 0, 'en_cours': 1, 'termine': 41}
2025-08-29 13:39:18,679 | INFO     | services.quick_summary | [Bilan rapide] in-place recursive on page 227b9fc3-1e69-8085-92ef-ef51ecca8aca with {'total': 42, 'non_commence': 0, 'en_cours': 1, 'termine': 41}
2025-08-29 13:39:20,123 | INFO     | httpx | HTTP Request: GET https://api.notion.com/v1/blocks/227b9fc3-1e69-8085-92ef-ef51ecca8aca/children "HTTP/1.1 200 OK"
2025-08-29 13:39:20,711 | INFO     | httpx | HTTP Request: GET https://api.notion.com/v1/blocks/227b9fc3-1e69-8071-9725-e9b8f6ec023e/children "HTTP/1.1 200 OK"
2025-08-29 13:39:21,475 | INFO     | httpx | HTTP Request: GET https://api.notion.com/v1/blocks/227b9fc3-1e69-80ae-a85d-cbfa2dc6baf6/children "HTTP/1.1 200 OK"
2025-08-29 13:39:22,689 | INFO     | httpx | HTTP Request: GET https://api.notion.com/v1/blocks/227b9fc3-1e69-805b-ab0b-d528f64d0df1/children "HTTP/1.1 200 OK"
2025-08-29 13:39:22,702 | INFO     | services.quick_summary | [Bilan rapide] sections found: 1
2025-08-29 13:39:22,702 | INFO     | services.quick_summary | [Bilan rapide] primary container=227b9fc3-1e69-8085-92ef-ef51ecca8aca heading_idx=20 id=252b9fc3-1e69-810d-990e-cd638de03446
2025-08-29 13:39:22,702 | INFO     | services.quick_summary | [Bilan rapide] bullets under primary: 3
2025-08-29 13:39:23,939 | INFO     | httpx | HTTP Request: POST https://api.notion.com/v1/search "HTTP/1.1 200 OK"
2025-08-29 13:39:25,530 | INFO     | httpx | HTTP Request: POST https://api.notion.com/v1/search "HTTP/1.1 200 OK"
2025-08-29 13:39:25,535 | INFO     | services.quick_summary | [Bilan rapide] Page Semestre 'Semestre 3' → None
2025-08-29 13:39:26,395 | INFO     | httpx | HTTP Request: POST https://api.notion.com/v1/search "HTTP/1.1 200 OK"
2025-08-29 13:39:26,396 | INFO     | services.quick_summary | [Bilan rapide] Page 'Collèges' → 221b9fc3-1e69-80e4-8b33-d3aa0b2c9424
2025-08-29 13:39:27,520 | INFO     | httpx | HTTP Request: POST https://api.notion.com/v1/databases/215b9fc3-1e69-80b5-9514-ccef8de8e30e/query "HTTP/1.1 200 OK"
2025-08-29 13:39:27,527 | INFO     | services.quick_summary | [Bilan rapide][Collèges (agrégat)] {'total': 64, 'non_commence': 22, 'en_cours': 1, 'termine': 41}
2025-08-29 13:39:27,527 | INFO     | services.quick_summary | [Bilan rapide] in-place recursive on page 221b9fc3-1e69-80e4-8b33-d3aa0b2c9424 with {'total': 64, 'non_commence': 22, 'en_cours': 1, 'termine': 41}
2025-08-29 13:39:29,142 | INFO     | httpx | HTTP Request: GET https://api.notion.com/v1/blocks/221b9fc3-1e69-80e4-8b33-d3aa0b2c9424/children "HTTP/1.1 200 OK"
2025-08-29 13:39:29,597 | INFO     | httpx | HTTP Request: GET https://api.notion.com/v1/blocks/221b9fc3-1e69-81ca-a256-e6878d7b9291/children "HTTP/1.1 200 OK"
2025-08-29 13:39:30,307 | INFO     | httpx | HTTP Request: GET https://api.notion.com/v1/blocks/221b9fc3-1e69-81d6-847d-c17f011ce726/children "HTTP/1.1 200 OK"
2025-08-29 13:39:30,823 | INFO     | httpx | HTTP Request: GET https://api.notion.com/v1/blocks/221b9fc3-1e69-81b5-a410-f2d041a0f03d/children "HTTP/1.1 200 OK"
2025-08-29 13:39:31,787 | INFO     | httpx | HTTP Request: GET https://api.notion.com/v1/blocks/221b9fc3-1e69-8113-afe7-ebb66af6b984/children "HTTP/1.1 200 OK"
2025-08-29 13:39:31,787 | INFO     | services.quick_summary | [Bilan rapide] sections found: 1
2025-08-29 13:39:31,787 | INFO     | services.quick_summary | [Bilan rapide] primary container=221b9fc3-1e69-81d6-847d-c17f011ce726 heading_idx=0 id=221b9fc3-1e69-817d-a0dd-fcc765cea67c
2025-08-29 13:39:31,787 | INFO     | services.quick_summary | [Bilan rapide] bullets under primary: 3
2025-08-29 13:39:31,787 | INFO     | services.quick_summary | [Bilan rapide] update_all() – done
2025-08-29 13:39:31,787 | INFO     | __main__ | [Bilan rapide] Mise à jour terminée.
2025-08-29 13:39:43,843 | ERROR    | __main__ | Uncaught exception
Traceback (most recent call last):
  File "C:\Users\hugol\Desktop\Projet Python\Notionator\main.py", line 557, in <module>
    app.mainloop()
    ~~~~~~~~~~~~^^
  File "C:\Users\hugol\Desktop\Projet Python\Notionator\.venv\Lib\site-packages\customtkinter\windows\ctk_tk.py", line 165, in mainloop
    super().mainloop(*args, **kwargs)
    ~~~~~~~~~~~~~~~~^^^^^^^^^^^^^^^^^
  File "C:\Users\hugol\AppData\Local\Programs\Python\Python313\Lib\tkinter\__init__.py", line 1599, in mainloop
    self.tk.mainloop(n)
    ~~~~~~~~~~~~~~~~^^^
  File "C:\Users\hugol\AppData\Local\Programs\Python\Python313\Lib\tkinter\__init__.py", line 2063, in __call__
    def __call__(self, *args):
    
KeyboardInterrupt
2025-08-29 13:39:59,274 | INFO     | root | 

--- Nouvelle session Notionator --- 2025-08-29 13:39:59 ---


2025-08-29 13:39:59,347 | INFO     | __main__ | === Lancement de Notionator (fast start) ===
2025-08-29 13:39:59,599 | INFO     | services.notion_client | Client Notion initialisé
2025-08-29 13:40:01,486 | INFO     | httpx | HTTP Request: POST https://api.notion.com/v1/databases/1c9b9fc31e69816fb29fdc0006d36308/query "HTTP/1.1 200 OK"
2025-08-29 13:40:01,677 | INFO     | services.notion_client | Client Notion initialisé
2025-08-29 13:40:01,684 | INFO     | services.actions_manager | [pdf] BASE_FOLDER=G:\Mon Drive\Médecine exists=True
2025-08-29 13:40:01,759 | INFO     | services.actions_manager | [pdf] PDFs vus sur disque: 476
2025-08-29 13:40:01,759 | INFO     | services.actions_manager | [pdf] aucun nouveau PDF
2025-08-29 13:40:01,759 | INFO     | services.actions_manager | [pdf] local_pdf_map: 470 -> 470 entrées
2025-08-29 13:40:01,760 | INFO     | services.actions_manager | [bootstrap] id→path ajoutés=0, mis_à_jour=0, périmés_detectés=0
2025-08-29 13:40:02,079 | INFO     | __main__ | Changement d'écran vers : accueil
2025-08-29 13:40:03,451 | INFO     | httpx | HTTP Request: POST https://api.notion.com/v1/databases/215b9fc3-1e69-80b5-9514-ccef8de8e30e/query "HTTP/1.1 200 OK"
2025-08-29 13:40:03,601 | INFO     | __main__ | UI affichée en 4.25 sec ✔
2025-08-29 13:40:03,602 | INFO     | __main__ | Application démarrée
2025-08-29 13:40:03,785 | INFO     | services.notion_client | Client Notion initialisé
2025-08-29 13:40:03,785 | INFO     | __main__ | [Shortcuts] Raccourcis Ctrl enregistrés.
2025-08-29 13:40:04,270 | INFO     | httpx | HTTP Request: POST https://api.notion.com/v1/databases/215b9fc3-1e69-80b5-9514-ccef8de8e30e/query "HTTP/1.1 200 OK"
2025-08-29 13:40:04,970 | INFO     | httpx | HTTP Request: POST https://api.notion.com/v1/databases/215b9fc3-1e69-80b5-9514-ccef8de8e30e/query "HTTP/1.1 200 OK"
2025-08-29 13:40:05,588 | INFO     | httpx | HTTP Request: POST https://api.notion.com/v1/databases/215b9fc3-1e69-80e3-979e-f0053a3bea4d/query "HTTP/1.1 200 OK"
2025-08-29 13:40:08,507 | INFO     | httpx | HTTP Request: GET https://api.notion.com/v1/databases/215b9fc3-1e69-80b5-9514-ccef8de8e30e "HTTP/1.1 200 OK"
2025-08-29 13:40:08,956 | INFO     | httpx | HTTP Request: POST https://api.notion.com/v1/databases/215b9fc3-1e69-80b5-9514-ccef8de8e30e/query "HTTP/1.1 200 OK"
2025-08-29 13:40:09,079 | INFO     | services.quick_summary | [Bilan rapide] update_all() – start
2025-08-29 13:40:10,247 | INFO     | __main__ | Changement d'écran vers : colleges
2025-08-29 13:40:10,255 | INFO     | services.actions_manager | [pdf] BASE_FOLDER=G:\Mon Drive\Médecine exists=True
2025-08-29 13:40:10,328 | INFO     | services.actions_manager | [pdf] PDFs vus sur disque: 476
2025-08-29 13:40:10,328 | INFO     | services.actions_manager | [pdf] aucun nouveau PDF
2025-08-29 13:40:10,328 | INFO     | services.actions_manager | [pdf] local_pdf_map: 470 -> 470 entrées
2025-08-29 13:40:10,329 | INFO     | services.actions_manager | [bootstrap] id→path ajoutés=0, mis_à_jour=0, périmés_detectés=0
2025-08-29 13:40:10,899 | INFO     | httpx | HTTP Request: POST https://api.notion.com/v1/databases/215b9fc3-1e69-80b5-9514-ccef8de8e30e/query "HTTP/1.1 200 OK"
2025-08-29 13:40:10,905 | INFO     | services.quick_summary | [Bilan rapide] Semestres: ['Semestre 5', 'Semestre 4', 'Semestre 3']
2025-08-29 13:40:11,717 | INFO     | httpx | HTTP Request: POST https://api.notion.com/v1/search "HTTP/1.1 200 OK"
2025-08-29 13:40:12,426 | INFO     | httpx | HTTP Request: POST https://api.notion.com/v1/search "HTTP/1.1 200 OK"
2025-08-29 13:40:12,473 | INFO     | services.quick_summary | [Bilan rapide] Page Semestre 'Semestre 5' → 215b9fc3-1e69-80be-bf33-f2f800a06777
2025-08-29 13:40:13,228 | INFO     | httpx | HTTP Request: POST https://api.notion.com/v1/databases/215b9fc3-1e69-80b5-9514-ccef8de8e30e/query "HTTP/1.1 200 OK"
2025-08-29 13:40:13,229 | INFO     | services.quick_summary | [Bilan rapide][Semestre Semestre 5] {'total': 4, 'non_commence': 3, 'en_cours': 1, 'termine': 0}
2025-08-29 13:40:13,229 | INFO     | services.quick_summary | [Bilan rapide] in-place recursive on page 215b9fc3-1e69-80be-bf33-f2f800a06777 with {'total': 4, 'non_commence': 3, 'en_cours': 1, 'termine': 0}
2025-08-29 13:40:13,752 | INFO     | httpx | HTTP Request: GET https://api.notion.com/v1/blocks/215b9fc3-1e69-80be-bf33-f2f800a06777/children "HTTP/1.1 200 OK"
2025-08-29 13:40:14,232 | INFO     | httpx | HTTP Request: GET https://api.notion.com/v1/blocks/21ab9fc3-1e69-8008-9b7b-f66a6dec42a2/children "HTTP/1.1 200 OK"
2025-08-29 13:40:14,931 | INFO     | httpx | HTTP Request: GET https://api.notion.com/v1/blocks/21ab9fc3-1e69-8095-847c-fa3ae61b15b4/children "HTTP/1.1 200 OK"
2025-08-29 13:40:15,985 | INFO     | httpx | HTTP Request: GET https://api.notion.com/v1/blocks/21ab9fc3-1e69-80e1-95d6-e3a8b7588bca/children "HTTP/1.1 200 OK"
2025-08-29 13:40:16,787 | INFO     | httpx | HTTP Request: GET https://api.notion.com/v1/blocks/21ab9fc3-1e69-801e-ac73-d5f64bcd6005/children "HTTP/1.1 200 OK"
2025-08-29 13:40:16,787 | INFO     | services.quick_summary | [Bilan rapide] sections found: 1
2025-08-29 13:40:16,787 | INFO     | services.quick_summary | [Bilan rapide] primary container=21ab9fc3-1e69-8095-847c-fa3ae61b15b4 heading_idx=0 id=21ab9fc3-1e69-80b4-a9e7-d8f5118ea282
2025-08-29 13:40:16,788 | INFO     | services.quick_summary | [Bilan rapide] bullets under primary: 3
2025-08-29 13:40:17,584 | INFO     | httpx | HTTP Request: POST https://api.notion.com/v1/search "HTTP/1.1 200 OK"
2025-08-29 13:40:22,463 | INFO     | httpx | HTTP Request: POST https://api.notion.com/v1/search "HTTP/1.1 200 OK"
2025-08-29 13:40:22,465 | INFO     | services.quick_summary | [Bilan rapide] Page Semestre 'Semestre 4' → 227b9fc3-1e69-8085-92ef-ef51ecca8aca
2025-08-29 13:40:23,224 | INFO     | httpx | HTTP Request: POST https://api.notion.com/v1/databases/215b9fc3-1e69-80b5-9514-ccef8de8e30e/query "HTTP/1.1 200 OK"
2025-08-29 13:40:23,228 | INFO     | services.quick_summary | [Bilan rapide][Semestre Semestre 4] {'total': 42, 'non_commence': 0, 'en_cours': 1, 'termine': 41}
2025-08-29 13:40:23,228 | INFO     | services.quick_summary | [Bilan rapide] in-place recursive on page 227b9fc3-1e69-8085-92ef-ef51ecca8aca with {'total': 42, 'non_commence': 0, 'en_cours': 1, 'termine': 41}
2025-08-29 13:40:23,801 | INFO     | httpx | HTTP Request: GET https://api.notion.com/v1/blocks/227b9fc3-1e69-8085-92ef-ef51ecca8aca/children "HTTP/1.1 200 OK"
2025-08-29 13:40:25,321 | INFO     | httpx | HTTP Request: GET https://api.notion.com/v1/blocks/227b9fc3-1e69-8071-9725-e9b8f6ec023e/children "HTTP/1.1 200 OK"
2025-08-29 13:40:25,844 | INFO     | httpx | HTTP Request: GET https://api.notion.com/v1/blocks/227b9fc3-1e69-80ae-a85d-cbfa2dc6baf6/children "HTTP/1.1 200 OK"
2025-08-29 13:40:28,057 | INFO     | httpx | HTTP Request: GET https://api.notion.com/v1/blocks/227b9fc3-1e69-805b-ab0b-d528f64d0df1/children "HTTP/1.1 200 OK"
2025-08-29 13:40:28,057 | INFO     | services.quick_summary | [Bilan rapide] sections found: 1
2025-08-29 13:40:28,057 | INFO     | services.quick_summary | [Bilan rapide] primary container=227b9fc3-1e69-8085-92ef-ef51ecca8aca heading_idx=20 id=252b9fc3-1e69-810d-990e-cd638de03446
2025-08-29 13:40:28,057 | INFO     | services.quick_summary | [Bilan rapide] bullets under primary: 3
2025-08-29 13:40:29,269 | INFO     | httpx | HTTP Request: POST https://api.notion.com/v1/search "HTTP/1.1 200 OK"
2025-08-29 13:40:30,441 | INFO     | httpx | HTTP Request: POST https://api.notion.com/v1/search "HTTP/1.1 200 OK"
2025-08-29 13:40:30,469 | INFO     | services.quick_summary | [Bilan rapide] Page Semestre 'Semestre 3' → None
2025-08-29 13:40:31,007 | INFO     | httpx | HTTP Request: POST https://api.notion.com/v1/search "HTTP/1.1 200 OK"
2025-08-29 13:40:31,008 | INFO     | services.quick_summary | [Bilan rapide] Page 'Collèges' → 221b9fc3-1e69-80e4-8b33-d3aa0b2c9424
2025-08-29 13:40:32,003 | INFO     | httpx | HTTP Request: POST https://api.notion.com/v1/databases/215b9fc3-1e69-80b5-9514-ccef8de8e30e/query "HTTP/1.1 200 OK"
2025-08-29 13:40:32,010 | INFO     | services.quick_summary | [Bilan rapide][Collèges (agrégat)] {'total': 64, 'non_commence': 22, 'en_cours': 1, 'termine': 41}
2025-08-29 13:40:32,010 | INFO     | services.quick_summary | [Bilan rapide] in-place recursive on page 221b9fc3-1e69-80e4-8b33-d3aa0b2c9424 with {'total': 64, 'non_commence': 22, 'en_cours': 1, 'termine': 41}
2025-08-29 13:40:34,158 | INFO     | httpx | HTTP Request: GET https://api.notion.com/v1/blocks/221b9fc3-1e69-80e4-8b33-d3aa0b2c9424/children "HTTP/1.1 200 OK"
2025-08-29 13:40:34,872 | INFO     | httpx | HTTP Request: GET https://api.notion.com/v1/blocks/221b9fc3-1e69-81ca-a256-e6878d7b9291/children "HTTP/1.1 200 OK"
2025-08-29 13:40:35,521 | INFO     | httpx | HTTP Request: GET https://api.notion.com/v1/blocks/221b9fc3-1e69-81d6-847d-c17f011ce726/children "HTTP/1.1 200 OK"
2025-08-29 13:40:36,055 | INFO     | httpx | HTTP Request: GET https://api.notion.com/v1/blocks/221b9fc3-1e69-81b5-a410-f2d041a0f03d/children "HTTP/1.1 200 OK"
2025-08-29 13:40:37,720 | INFO     | httpx | HTTP Request: GET https://api.notion.com/v1/blocks/221b9fc3-1e69-8113-afe7-ebb66af6b984/children "HTTP/1.1 200 OK"
2025-08-29 13:40:37,721 | INFO     | services.quick_summary | [Bilan rapide] sections found: 1
2025-08-29 13:40:37,721 | INFO     | services.quick_summary | [Bilan rapide] primary container=221b9fc3-1e69-81d6-847d-c17f011ce726 heading_idx=0 id=221b9fc3-1e69-817d-a0dd-fcc765cea67c
2025-08-29 13:40:37,721 | INFO     | services.quick_summary | [Bilan rapide] bullets under primary: 3
2025-08-29 13:40:37,721 | INFO     | services.quick_summary | [Bilan rapide] update_all() – done
2025-08-29 13:40:37,721 | INFO     | __main__ | [Bilan rapide] Mise à jour terminée.
2025-08-29 13:41:03,328 | INFO     | httpx | HTTP Request: PATCH https://api.notion.com/v1/pages/25eb9fc3-1e69-80d9-8009-ef644c55dec7 "HTTP/1.1 200 OK"
2025-08-29 13:41:06,044 | INFO     | googleapiclient.discovery_cache | file_cache is only supported with oauth2client<4.0.0
2025-08-29 13:41:38,178 | ERROR    | __main__ | Uncaught exception
Traceback (most recent call last):
  File "C:\Users\hugol\Desktop\Projet Python\Notionator\main.py", line 557, in <module>
    app.mainloop()
    ~~~~~~~~~~~~^^
  File "C:\Users\hugol\Desktop\Projet Python\Notionator\.venv\Lib\site-packages\customtkinter\windows\ctk_tk.py", line 165, in mainloop
    super().mainloop(*args, **kwargs)
    ~~~~~~~~~~~~~~~~^^^^^^^^^^^^^^^^^
  File "C:\Users\hugol\AppData\Local\Programs\Python\Python313\Lib\tkinter\__init__.py", line 1599, in mainloop
    self.tk.mainloop(n)
    ~~~~~~~~~~~~~~~~^^^
  File "C:\Users\hugol\AppData\Local\Programs\Python\Python313\Lib\tkinter\__init__.py", line 2063, in __call__
    def __call__(self, *args):
    
KeyboardInterrupt
2025-08-29 13:50:40,160 | INFO     | root | 

--- Nouvelle session Notionator --- 2025-08-29 13:50:40 ---


2025-08-29 13:50:40,242 | INFO     | __main__ | === Lancement de Notionator (fast start) ===
2025-08-29 13:50:40,478 | INFO     | services.notion_client | Client Notion initialisé
2025-08-29 13:50:42,032 | INFO     | httpx | HTTP Request: POST https://api.notion.com/v1/databases/1c9b9fc31e69816fb29fdc0006d36308/query "HTTP/1.1 200 OK"
2025-08-29 13:50:42,199 | INFO     | services.notion_client | Client Notion initialisé
2025-08-29 13:50:42,214 | INFO     | services.actions_manager | [pdf] BASE_FOLDER=G:\Mon Drive\Médecine exists=True
2025-08-29 13:50:42,291 | INFO     | services.actions_manager | [pdf] PDFs vus sur disque: 476
2025-08-29 13:50:42,291 | INFO     | services.actions_manager | [pdf] aucun nouveau PDF
2025-08-29 13:50:42,291 | INFO     | services.actions_manager | [pdf] local_pdf_map: 470 -> 470 entrées
2025-08-29 13:50:42,292 | INFO     | services.actions_manager | [bootstrap] id→path ajoutés=0, mis_à_jour=0, périmés_detectés=0
2025-08-29 13:50:42,660 | INFO     | __main__ | Changement d'écran vers : accueil
2025-08-29 13:50:44,015 | INFO     | httpx | HTTP Request: POST https://api.notion.com/v1/databases/215b9fc3-1e69-80b5-9514-ccef8de8e30e/query "HTTP/1.1 200 OK"
2025-08-29 13:50:44,426 | INFO     | __main__ | UI affichée en 4.18 sec ✔
2025-08-29 13:50:44,426 | INFO     | __main__ | Application démarrée
2025-08-29 13:50:44,591 | INFO     | services.notion_client | Client Notion initialisé
2025-08-29 13:50:44,592 | INFO     | __main__ | [Shortcuts] Raccourcis Ctrl enregistrés.
2025-08-29 13:50:45,251 | INFO     | httpx | HTTP Request: POST https://api.notion.com/v1/databases/215b9fc3-1e69-80b5-9514-ccef8de8e30e/query "HTTP/1.1 200 OK"
2025-08-29 13:50:45,282 | INFO     | httpx | HTTP Request: GET https://api.notion.com/v1/databases/215b9fc3-1e69-80b5-9514-ccef8de8e30e "HTTP/1.1 200 OK"
2025-08-29 13:50:45,400 | INFO     | httpx | HTTP Request: POST https://api.notion.com/v1/databases/215b9fc3-1e69-80b5-9514-ccef8de8e30e/query "HTTP/1.1 200 OK"
2025-08-29 13:50:46,203 | INFO     | httpx | HTTP Request: POST https://api.notion.com/v1/databases/215b9fc3-1e69-80e3-979e-f0053a3bea4d/query "HTTP/1.1 200 OK"
2025-08-29 13:50:47,143 | INFO     | httpx | HTTP Request: POST https://api.notion.com/v1/databases/215b9fc3-1e69-80b5-9514-ccef8de8e30e/query "HTTP/1.1 200 OK"
2025-08-29 13:50:48,599 | INFO     | services.quick_summary | [Bilan rapide] update_all() – start
2025-08-29 13:50:51,783 | INFO     | httpx | HTTP Request: POST https://api.notion.com/v1/databases/215b9fc3-1e69-80b5-9514-ccef8de8e30e/query "HTTP/1.1 200 OK"
2025-08-29 13:50:51,791 | INFO     | services.quick_summary | [Bilan rapide] Semestres: ['Semestre 5', 'Semestre 4', 'Semestre 3']
2025-08-29 13:50:52,628 | INFO     | httpx | HTTP Request: POST https://api.notion.com/v1/search "HTTP/1.1 200 OK"
2025-08-29 13:50:53,404 | INFO     | httpx | HTTP Request: POST https://api.notion.com/v1/search "HTTP/1.1 200 OK"
2025-08-29 13:50:53,406 | INFO     | services.quick_summary | [Bilan rapide] Page Semestre 'Semestre 5' → 215b9fc3-1e69-80be-bf33-f2f800a06777
2025-08-29 13:50:54,653 | INFO     | httpx | HTTP Request: POST https://api.notion.com/v1/databases/215b9fc3-1e69-80b5-9514-ccef8de8e30e/query "HTTP/1.1 200 OK"
2025-08-29 13:50:54,653 | INFO     | services.quick_summary | [Bilan rapide][Semestre Semestre 5] {'total': 4, 'non_commence': 3, 'en_cours': 1, 'termine': 0}
2025-08-29 13:50:54,653 | INFO     | services.quick_summary | [Bilan rapide] in-place recursive on page 215b9fc3-1e69-80be-bf33-f2f800a06777 with {'total': 4, 'non_commence': 3, 'en_cours': 1, 'termine': 0}
2025-08-29 13:50:55,553 | INFO     | httpx | HTTP Request: GET https://api.notion.com/v1/blocks/215b9fc3-1e69-80be-bf33-f2f800a06777/children "HTTP/1.1 200 OK"
2025-08-29 13:50:56,106 | INFO     | httpx | HTTP Request: GET https://api.notion.com/v1/blocks/21ab9fc3-1e69-8008-9b7b-f66a6dec42a2/children "HTTP/1.1 200 OK"
2025-08-29 13:50:57,004 | INFO     | httpx | HTTP Request: GET https://api.notion.com/v1/blocks/21ab9fc3-1e69-8095-847c-fa3ae61b15b4/children "HTTP/1.1 200 OK"
2025-08-29 13:50:57,509 | INFO     | httpx | HTTP Request: GET https://api.notion.com/v1/blocks/21ab9fc3-1e69-80e1-95d6-e3a8b7588bca/children "HTTP/1.1 200 OK"
2025-08-29 13:50:58,011 | INFO     | httpx | HTTP Request: GET https://api.notion.com/v1/blocks/21ab9fc3-1e69-801e-ac73-d5f64bcd6005/children "HTTP/1.1 200 OK"
2025-08-29 13:50:58,012 | INFO     | services.quick_summary | [Bilan rapide] sections found: 1
2025-08-29 13:50:58,012 | INFO     | services.quick_summary | [Bilan rapide] primary container=21ab9fc3-1e69-8095-847c-fa3ae61b15b4 heading_idx=0 id=21ab9fc3-1e69-80b4-a9e7-d8f5118ea282
2025-08-29 13:50:58,012 | INFO     | services.quick_summary | [Bilan rapide] bullets under primary: 3
2025-08-29 13:50:58,710 | INFO     | httpx | HTTP Request: POST https://api.notion.com/v1/search "HTTP/1.1 200 OK"
2025-08-29 13:50:59,410 | INFO     | httpx | HTTP Request: POST https://api.notion.com/v1/search "HTTP/1.1 200 OK"
2025-08-29 13:50:59,414 | INFO     | services.quick_summary | [Bilan rapide] Page Semestre 'Semestre 4' → 227b9fc3-1e69-8085-92ef-ef51ecca8aca
2025-08-29 13:51:00,263 | INFO     | httpx | HTTP Request: POST https://api.notion.com/v1/databases/215b9fc3-1e69-80b5-9514-ccef8de8e30e/query "HTTP/1.1 200 OK"
2025-08-29 13:51:00,268 | INFO     | services.quick_summary | [Bilan rapide][Semestre Semestre 4] {'total': 42, 'non_commence': 0, 'en_cours': 1, 'termine': 41}
2025-08-29 13:51:00,268 | INFO     | services.quick_summary | [Bilan rapide] in-place recursive on page 227b9fc3-1e69-8085-92ef-ef51ecca8aca with {'total': 42, 'non_commence': 0, 'en_cours': 1, 'termine': 41}
2025-08-29 13:51:00,887 | INFO     | httpx | HTTP Request: GET https://api.notion.com/v1/blocks/227b9fc3-1e69-8085-92ef-ef51ecca8aca/children "HTTP/1.1 200 OK"
2025-08-29 13:51:02,451 | INFO     | httpx | HTTP Request: GET https://api.notion.com/v1/blocks/227b9fc3-1e69-8071-9725-e9b8f6ec023e/children "HTTP/1.1 200 OK"
2025-08-29 13:51:03,015 | INFO     | httpx | HTTP Request: GET https://api.notion.com/v1/blocks/227b9fc3-1e69-80ae-a85d-cbfa2dc6baf6/children "HTTP/1.1 200 OK"
2025-08-29 13:51:03,695 | INFO     | httpx | HTTP Request: PATCH https://api.notion.com/v1/pages/25db9fc3-1e69-81a8-8577-dbcb46bd74f4 "HTTP/1.1 200 OK"
2025-08-29 13:51:04,318 | INFO     | httpx | HTTP Request: GET https://api.notion.com/v1/blocks/227b9fc3-1e69-805b-ab0b-d528f64d0df1/children "HTTP/1.1 200 OK"
2025-08-29 13:51:04,319 | INFO     | services.quick_summary | [Bilan rapide] sections found: 1
2025-08-29 13:51:04,319 | INFO     | services.quick_summary | [Bilan rapide] primary container=227b9fc3-1e69-8085-92ef-ef51ecca8aca heading_idx=20 id=252b9fc3-1e69-810d-990e-cd638de03446
2025-08-29 13:51:04,319 | INFO     | services.quick_summary | [Bilan rapide] bullets under primary: 3
2025-08-29 13:51:05,378 | INFO     | httpx | HTTP Request: POST https://api.notion.com/v1/search "HTTP/1.1 200 OK"
2025-08-29 13:51:06,343 | INFO     | httpx | HTTP Request: POST https://api.notion.com/v1/search "HTTP/1.1 200 OK"
2025-08-29 13:51:06,372 | INFO     | services.quick_summary | [Bilan rapide] Page Semestre 'Semestre 3' → None
2025-08-29 13:51:07,106 | INFO     | httpx | HTTP Request: POST https://api.notion.com/v1/search "HTTP/1.1 200 OK"
2025-08-29 13:51:07,107 | INFO     | httpx | HTTP Request: POST https://api.notion.com/v1/databases/215b9fc3-1e69-80b5-9514-ccef8de8e30e/query "HTTP/1.1 200 OK"
2025-08-29 13:51:07,107 | INFO     | services.quick_summary | [Bilan rapide] Page 'Collèges' → 221b9fc3-1e69-80e4-8b33-d3aa0b2c9424
2025-08-29 13:51:08,063 | INFO     | httpx | HTTP Request: POST https://api.notion.com/v1/databases/215b9fc3-1e69-80b5-9514-ccef8de8e30e/query "HTTP/1.1 200 OK"
2025-08-29 13:51:08,069 | INFO     | services.quick_summary | [Bilan rapide][Collèges (agrégat)] {'total': 64, 'non_commence': 22, 'en_cours': 1, 'termine': 41}
2025-08-29 13:51:08,069 | INFO     | services.quick_summary | [Bilan rapide] in-place recursive on page 221b9fc3-1e69-80e4-8b33-d3aa0b2c9424 with {'total': 64, 'non_commence': 22, 'en_cours': 1, 'termine': 41}
2025-08-29 13:51:09,102 | INFO     | httpx | HTTP Request: GET https://api.notion.com/v1/blocks/221b9fc3-1e69-80e4-8b33-d3aa0b2c9424/children "HTTP/1.1 200 OK"
2025-08-29 13:51:10,571 | INFO     | httpx | HTTP Request: GET https://api.notion.com/v1/blocks/221b9fc3-1e69-81ca-a256-e6878d7b9291/children "HTTP/1.1 200 OK"
2025-08-29 13:51:11,228 | INFO     | httpx | HTTP Request: GET https://api.notion.com/v1/blocks/221b9fc3-1e69-81d6-847d-c17f011ce726/children "HTTP/1.1 200 OK"
2025-08-29 13:51:11,721 | INFO     | httpx | HTTP Request: GET https://api.notion.com/v1/blocks/221b9fc3-1e69-81b5-a410-f2d041a0f03d/children "HTTP/1.1 200 OK"
2025-08-29 13:51:12,506 | INFO     | httpx | HTTP Request: GET https://api.notion.com/v1/blocks/221b9fc3-1e69-8113-afe7-ebb66af6b984/children "HTTP/1.1 200 OK"
2025-08-29 13:51:12,507 | INFO     | services.quick_summary | [Bilan rapide] sections found: 1
2025-08-29 13:51:12,507 | INFO     | services.quick_summary | [Bilan rapide] primary container=221b9fc3-1e69-81d6-847d-c17f011ce726 heading_idx=0 id=221b9fc3-1e69-817d-a0dd-fcc765cea67c
2025-08-29 13:51:12,507 | INFO     | services.quick_summary | [Bilan rapide] bullets under primary: 3
2025-08-29 13:51:12,507 | INFO     | services.quick_summary | [Bilan rapide] update_all() – done
2025-08-29 13:51:12,507 | INFO     | __main__ | [Bilan rapide] Mise à jour terminée.
2025-08-29 13:51:31,918 | INFO     | services.quick_summary | [Bilan rapide] update_all() – start
2025-08-29 13:51:43,982 | INFO     | root | 

--- Nouvelle session Notionator --- 2025-08-29 13:51:43 ---


2025-08-29 13:51:44,048 | INFO     | __main__ | === Lancement de Notionator (fast start) ===
2025-08-29 13:51:44,280 | INFO     | services.notion_client | Client Notion initialisé
2025-08-29 13:51:45,442 | INFO     | httpx | HTTP Request: POST https://api.notion.com/v1/databases/1c9b9fc31e69816fb29fdc0006d36308/query "HTTP/1.1 404 Not Found"
2025-08-29 13:51:45,443 | ERROR    | __main__ | Erreur pendant la génération de la To-Do quotidienne
Traceback (most recent call last):
  File "C:\Users\hugol\Desktop\Projet Python\Notionator\.venv\Lib\site-packages\notion_client\client.py", line 118, in _parse_response
    response.raise_for_status()
    ~~~~~~~~~~~~~~~~~~~~~~~~~^^
  File "C:\Users\hugol\Desktop\Projet Python\Notionator\.venv\Lib\site-packages\httpx\_models.py", line 829, in raise_for_status
    raise HTTPStatusError(message, request=request, response=self)
httpx.HTTPStatusError: Client error '404 Not Found' for url 'https://api.notion.com/v1/databases/1c9b9fc31e69816fb29fdc0006d36308/query'
For more information check: https://developer.mozilla.org/en-US/docs/Web/HTTP/Status/404

During handling of the above exception, another exception occurred:

Traceback (most recent call last):
  File "C:\Users\hugol\Desktop\Projet Python\Notionator\main.py", line 111, in _minimal_bootstrap_sync
    DailyToDoGenerator().generate(origin="main")
    ~~~~~~~~~~~~~~~~~~~~~~~~~~~~~^^^^^^^^^^^^^^^
  File "C:\Users\hugol\Desktop\Projet Python\Notionator\services\profiler.py", line 71, in wrapper
    return func(*args, **kwargs)
  File "C:\Users\hugol\Desktop\Projet Python\Notionator\services\daily_todo_generator.py", line 244, in generate
    pages, window_ok_first_probe = self._window_state()
                                   ~~~~~~~~~~~~~~~~~~^^
  File "C:\Users\hugol\Desktop\Projet Python\Notionator\services\daily_todo_generator.py", line 218, in _window_state
    pages = self._prefetch_window()
  File "C:\Users\hugol\Desktop\Projet Python\Notionator\services\daily_todo_generator.py", line 188, in _prefetch_window
    resp = self.notion.client.databases.query(  # accès direct client OK ici
        database_id=TO_DO_DATABASE_ID,
        filter={"or": or_filters},
        page_size=100,
    )
  File "C:\Users\hugol\Desktop\Projet Python\Notionator\.venv\Lib\site-packages\notion_client\api_endpoints.py", line 134, in query
    return self.parent.request(
           ~~~~~~~~~~~~~~~~~~~^
        path=f"databases/{database_id}/query",
        ^^^^^^^^^^^^^^^^^^^^^^^^^^^^^^^^^^^^^^
    ...<11 lines>...
        auth=kwargs.get("auth"),
        ^^^^^^^^^^^^^^^^^^^^^^^^
    )
    ^
  File "C:\Users\hugol\Desktop\Projet Python\Notionator\.venv\Lib\site-packages\notion_client\client.py", line 194, in request
    return self._parse_response(response)
           ~~~~~~~~~~~~~~~~~~~~^^^^^^^^^^
  File "C:\Users\hugol\Desktop\Projet Python\Notionator\.venv\Lib\site-packages\notion_client\client.py", line 126, in _parse_response
    raise APIResponseError(response, body["message"], code)
notion_client.errors.APIResponseError: Could not find database with ID: 1c9b9fc3-1e69-816f-b29f-dc0006d36308. Make sure the relevant pages and databases are shared with your integration.
2025-08-29 13:51:45,638 | INFO     | services.notion_client | Client Notion initialisé
2025-08-29 13:51:45,645 | INFO     | services.actions_manager | [pdf] BASE_FOLDER=G:\Mon Drive\Médecine exists=True
2025-08-29 13:51:45,728 | INFO     | services.actions_manager | [pdf] PDFs vus sur disque: 476
2025-08-29 13:51:45,728 | INFO     | services.actions_manager | [pdf] aucun nouveau PDF
2025-08-29 13:51:45,728 | INFO     | services.actions_manager | [pdf] local_pdf_map: 470 -> 470 entrées
2025-08-29 13:51:45,729 | INFO     | services.actions_manager | [bootstrap] id→path ajoutés=0, mis_à_jour=0, périmés_detectés=0
2025-08-29 13:51:46,029 | INFO     | __main__ | Changement d'écran vers : accueil
2025-08-29 13:51:46,597 | INFO     | httpx | HTTP Request: POST https://api.notion.com/v1/databases/1c9b9fc31e69816fb29fdc0006d36308/query "HTTP/1.1 404 Not Found"
2025-08-29 13:51:46,598 | ERROR    | services.notion_client | Erreur get_todo_page_by_date(2025-08-29)
Traceback (most recent call last):
  File "C:\Users\hugol\Desktop\Projet Python\Notionator\.venv\Lib\site-packages\notion_client\client.py", line 118, in _parse_response
    response.raise_for_status()
    ~~~~~~~~~~~~~~~~~~~~~~~~~^^
  File "C:\Users\hugol\Desktop\Projet Python\Notionator\.venv\Lib\site-packages\httpx\_models.py", line 829, in raise_for_status
    raise HTTPStatusError(message, request=request, response=self)
httpx.HTTPStatusError: Client error '404 Not Found' for url 'https://api.notion.com/v1/databases/1c9b9fc31e69816fb29fdc0006d36308/query'
For more information check: https://developer.mozilla.org/en-US/docs/Web/HTTP/Status/404

During handling of the above exception, another exception occurred:

Traceback (most recent call last):
  File "C:\Users\hugol\Desktop\Projet Python\Notionator\services\notion_client.py", line 911, in get_todo_page_by_date
    resp = self._cached_databases_query(
        database_id=database_id,
        filter={"property": date_prop, "date": {"equals": date_str}},
        page_size=1,
    )
  File "C:\Users\hugol\Desktop\Projet Python\Notionator\services\notion_client.py", line 173, in _cached_databases_query
    res = self.client.databases.query(**payload)
  File "C:\Users\hugol\Desktop\Projet Python\Notionator\.venv\Lib\site-packages\notion_client\api_endpoints.py", line 134, in query
    return self.parent.request(
           ~~~~~~~~~~~~~~~~~~~^
        path=f"databases/{database_id}/query",
        ^^^^^^^^^^^^^^^^^^^^^^^^^^^^^^^^^^^^^^
    ...<11 lines>...
        auth=kwargs.get("auth"),
        ^^^^^^^^^^^^^^^^^^^^^^^^
    )
    ^
  File "C:\Users\hugol\Desktop\Projet Python\Notionator\.venv\Lib\site-packages\notion_client\client.py", line 194, in request
    return self._parse_response(response)
           ~~~~~~~~~~~~~~~~~~~~^^^^^^^^^^
  File "C:\Users\hugol\Desktop\Projet Python\Notionator\.venv\Lib\site-packages\notion_client\client.py", line 126, in _parse_response
    raise APIResponseError(response, body["message"], code)
notion_client.errors.APIResponseError: Could not find database with ID: 1c9b9fc3-1e69-816f-b29f-dc0006d36308. Make sure the relevant pages and databases are shared with your integration.
2025-08-29 13:51:47,136 | INFO     | httpx | HTTP Request: POST https://api.notion.com/v1/databases/215b9fc3-1e69-80b5-9514-ccef8de8e30e/query "HTTP/1.1 404 Not Found"
2025-08-29 13:51:47,236 | INFO     | __main__ | UI affichée en 3.19 sec ✔
2025-08-29 13:51:47,236 | INFO     | __main__ | Application démarrée
2025-08-29 13:51:47,416 | INFO     | services.notion_client | Client Notion initialisé
2025-08-29 13:51:47,416 | INFO     | __main__ | [Shortcuts] Raccourcis Ctrl enregistrés.
2025-08-29 13:51:48,052 | INFO     | httpx | HTTP Request: POST https://api.notion.com/v1/databases/215b9fc3-1e69-80b5-9514-ccef8de8e30e/query "HTTP/1.1 404 Not Found"
2025-08-29 13:51:48,052 | ERROR    | services.notion_client | Erreur requête vers la base 215b9fc3-1e69-80b5-9514-ccef8de8e30e: Could not find database with ID: 215b9fc3-1e69-80b5-9514-ccef8de8e30e. Make sure the relevant pages and databases are shared with your integration.
2025-08-29 13:51:48,052 | ERROR    | services.notion_client | Impossible de récupérer les cours
Traceback (most recent call last):
  File "C:\Users\hugol\Desktop\Projet Python\Notionator\.venv\Lib\site-packages\notion_client\client.py", line 118, in _parse_response
    response.raise_for_status()
    ~~~~~~~~~~~~~~~~~~~~~~~~~^^
  File "C:\Users\hugol\Desktop\Projet Python\Notionator\.venv\Lib\site-packages\httpx\_models.py", line 829, in raise_for_status
    raise HTTPStatusError(message, request=request, response=self)
httpx.HTTPStatusError: Client error '404 Not Found' for url 'https://api.notion.com/v1/databases/215b9fc3-1e69-80b5-9514-ccef8de8e30e/query'
For more information check: https://developer.mozilla.org/en-US/docs/Web/HTTP/Status/404

During handling of the above exception, another exception occurred:

Traceback (most recent call last):
  File "C:\Users\hugol\Desktop\Projet Python\Notionator\services\notion_client.py", line 192, in get_cours
    return self.query_database(self.cours_db_id)
           ~~~~~~~~~~~~~~~~~~~^^^^^^^^^^^^^^^^^^
  File "C:\Users\hugol\Desktop\Projet Python\Notionator\services\profiler.py", line 71, in wrapper
    return func(*args, **kwargs)
  File "C:\Users\hugol\Desktop\Projet Python\Notionator\services\notion_client.py", line 648, in query_database
    return self._cached_databases_query(database_id=database_id, **opts)
           ~~~~~~~~~~~~~~~~~~~~~~~~~~~~^^^^^^^^^^^^^^^^^^^^^^^^^^^^^^^^^
  File "C:\Users\hugol\Desktop\Projet Python\Notionator\services\notion_client.py", line 173, in _cached_databases_query
    res = self.client.databases.query(**payload)
  File "C:\Users\hugol\Desktop\Projet Python\Notionator\.venv\Lib\site-packages\notion_client\api_endpoints.py", line 134, in query
    return self.parent.request(
           ~~~~~~~~~~~~~~~~~~~^
        path=f"databases/{database_id}/query",
        ^^^^^^^^^^^^^^^^^^^^^^^^^^^^^^^^^^^^^^
    ...<11 lines>...
        auth=kwargs.get("auth"),
        ^^^^^^^^^^^^^^^^^^^^^^^^
    )
    ^
  File "C:\Users\hugol\Desktop\Projet Python\Notionator\.venv\Lib\site-packages\notion_client\client.py", line 194, in request
    return self._parse_response(response)
           ~~~~~~~~~~~~~~~~~~~~^^^^^^^^^^
  File "C:\Users\hugol\Desktop\Projet Python\Notionator\.venv\Lib\site-packages\notion_client\client.py", line 126, in _parse_response
    raise APIResponseError(response, body["message"], code)
notion_client.errors.APIResponseError: Could not find database with ID: 215b9fc3-1e69-80b5-9514-ccef8de8e30e. Make sure the relevant pages and databases are shared with your integration.
2025-08-29 13:51:48,320 | INFO     | httpx | HTTP Request: POST https://api.notion.com/v1/databases/1c9b9fc31e69816fb29fdc0006d36308/query "HTTP/1.1 404 Not Found"
2025-08-29 13:51:48,320 | ERROR    | services.notion_client | Erreur get_todo_page_by_date(2025-08-29)
Traceback (most recent call last):
  File "C:\Users\hugol\Desktop\Projet Python\Notionator\.venv\Lib\site-packages\notion_client\client.py", line 118, in _parse_response
    response.raise_for_status()
    ~~~~~~~~~~~~~~~~~~~~~~~~~^^
  File "C:\Users\hugol\Desktop\Projet Python\Notionator\.venv\Lib\site-packages\httpx\_models.py", line 829, in raise_for_status
    raise HTTPStatusError(message, request=request, response=self)
httpx.HTTPStatusError: Client error '404 Not Found' for url 'https://api.notion.com/v1/databases/1c9b9fc31e69816fb29fdc0006d36308/query'
For more information check: https://developer.mozilla.org/en-US/docs/Web/HTTP/Status/404

During handling of the above exception, another exception occurred:

Traceback (most recent call last):
  File "C:\Users\hugol\Desktop\Projet Python\Notionator\services\notion_client.py", line 911, in get_todo_page_by_date
    resp = self._cached_databases_query(
        database_id=database_id,
        filter={"property": date_prop, "date": {"equals": date_str}},
        page_size=1,
    )
  File "C:\Users\hugol\Desktop\Projet Python\Notionator\services\notion_client.py", line 173, in _cached_databases_query
    res = self.client.databases.query(**payload)
  File "C:\Users\hugol\Desktop\Projet Python\Notionator\.venv\Lib\site-packages\notion_client\api_endpoints.py", line 134, in query
    return self.parent.request(
           ~~~~~~~~~~~~~~~~~~~^
        path=f"databases/{database_id}/query",
        ^^^^^^^^^^^^^^^^^^^^^^^^^^^^^^^^^^^^^^
    ...<11 lines>...
        auth=kwargs.get("auth"),
        ^^^^^^^^^^^^^^^^^^^^^^^^
    )
    ^
  File "C:\Users\hugol\Desktop\Projet Python\Notionator\.venv\Lib\site-packages\notion_client\client.py", line 194, in request
    return self._parse_response(response)
           ~~~~~~~~~~~~~~~~~~~~^^^^^^^^^^
  File "C:\Users\hugol\Desktop\Projet Python\Notionator\.venv\Lib\site-packages\notion_client\client.py", line 126, in _parse_response
    raise APIResponseError(response, body["message"], code)
notion_client.errors.APIResponseError: Could not find database with ID: 1c9b9fc3-1e69-816f-b29f-dc0006d36308. Make sure the relevant pages and databases are shared with your integration.
2025-08-29 13:51:48,686 | INFO     | httpx | HTTP Request: POST https://api.notion.com/v1/databases/215b9fc3-1e69-80b5-9514-ccef8de8e30e/query "HTTP/1.1 404 Not Found"
2025-08-29 13:51:49,123 | INFO     | httpx | HTTP Request: POST https://api.notion.com/v1/databases/215b9fc3-1e69-80e3-979e-f0053a3bea4d/query "HTTP/1.1 404 Not Found"
2025-08-29 13:51:49,124 | INFO     | httpx | HTTP Request: GET https://api.notion.com/v1/databases/215b9fc3-1e69-80b5-9514-ccef8de8e30e "HTTP/1.1 404 Not Found"
2025-08-29 13:51:49,125 | ERROR    | services.notion_client | Erreur requête vers la base 215b9fc3-1e69-80e3-979e-f0053a3bea4d: Could not find database with ID: 215b9fc3-1e69-80e3-979e-f0053a3bea4d. Make sure the relevant pages and databases are shared with your integration.
2025-08-29 13:51:49,125 | ERROR    | services.notion_client | Impossible de récupérer les UE
Traceback (most recent call last):
  File "C:\Users\hugol\Desktop\Projet Python\Notionator\.venv\Lib\site-packages\notion_client\client.py", line 118, in _parse_response
    response.raise_for_status()
    ~~~~~~~~~~~~~~~~~~~~~~~~~^^
  File "C:\Users\hugol\Desktop\Projet Python\Notionator\.venv\Lib\site-packages\httpx\_models.py", line 829, in raise_for_status
    raise HTTPStatusError(message, request=request, response=self)
httpx.HTTPStatusError: Client error '404 Not Found' for url 'https://api.notion.com/v1/databases/215b9fc3-1e69-80e3-979e-f0053a3bea4d/query'
For more information check: https://developer.mozilla.org/en-US/docs/Web/HTTP/Status/404

During handling of the above exception, another exception occurred:

Traceback (most recent call last):
  File "C:\Users\hugol\Desktop\Projet Python\Notionator\services\notion_client.py", line 232, in get_ue
    return self.query_database(self.ue_db_id)
           ~~~~~~~~~~~~~~~~~~~^^^^^^^^^^^^^^^
  File "C:\Users\hugol\Desktop\Projet Python\Notionator\services\profiler.py", line 71, in wrapper
    return func(*args, **kwargs)
  File "C:\Users\hugol\Desktop\Projet Python\Notionator\services\notion_client.py", line 648, in query_database
    return self._cached_databases_query(database_id=database_id, **opts)
           ~~~~~~~~~~~~~~~~~~~~~~~~~~~~^^^^^^^^^^^^^^^^^^^^^^^^^^^^^^^^^
  File "C:\Users\hugol\Desktop\Projet Python\Notionator\services\notion_client.py", line 173, in _cached_databases_query
    res = self.client.databases.query(**payload)
  File "C:\Users\hugol\Desktop\Projet Python\Notionator\.venv\Lib\site-packages\notion_client\api_endpoints.py", line 134, in query
    return self.parent.request(
           ~~~~~~~~~~~~~~~~~~~^
        path=f"databases/{database_id}/query",
        ^^^^^^^^^^^^^^^^^^^^^^^^^^^^^^^^^^^^^^
    ...<11 lines>...
        auth=kwargs.get("auth"),
        ^^^^^^^^^^^^^^^^^^^^^^^^
    )
    ^
  File "C:\Users\hugol\Desktop\Projet Python\Notionator\.venv\Lib\site-packages\notion_client\client.py", line 194, in request
    return self._parse_response(response)
           ~~~~~~~~~~~~~~~~~~~~^^^^^^^^^^
  File "C:\Users\hugol\Desktop\Projet Python\Notionator\.venv\Lib\site-packages\notion_client\client.py", line 126, in _parse_response
    raise APIResponseError(response, body["message"], code)
notion_client.errors.APIResponseError: Could not find database with ID: 215b9fc3-1e69-80e3-979e-f0053a3bea4d. Make sure the relevant pages and databases are shared with your integration.
2025-08-29 13:51:49,533 | INFO     | httpx | HTTP Request: POST https://api.notion.com/v1/databases/1c9b9fc31e69816fb29fdc0006d36308/query "HTTP/1.1 404 Not Found"
2025-08-29 13:51:49,534 | ERROR    | services.notion_client | Erreur get_todo_page_by_date(2025-08-29)
Traceback (most recent call last):
  File "C:\Users\hugol\Desktop\Projet Python\Notionator\.venv\Lib\site-packages\notion_client\client.py", line 118, in _parse_response
    response.raise_for_status()
    ~~~~~~~~~~~~~~~~~~~~~~~~~^^
  File "C:\Users\hugol\Desktop\Projet Python\Notionator\.venv\Lib\site-packages\httpx\_models.py", line 829, in raise_for_status
    raise HTTPStatusError(message, request=request, response=self)
httpx.HTTPStatusError: Client error '404 Not Found' for url 'https://api.notion.com/v1/databases/1c9b9fc31e69816fb29fdc0006d36308/query'
For more information check: https://developer.mozilla.org/en-US/docs/Web/HTTP/Status/404

During handling of the above exception, another exception occurred:

Traceback (most recent call last):
  File "C:\Users\hugol\Desktop\Projet Python\Notionator\services\notion_client.py", line 911, in get_todo_page_by_date
    resp = self._cached_databases_query(
        database_id=database_id,
        filter={"property": date_prop, "date": {"equals": date_str}},
        page_size=1,
    )
  File "C:\Users\hugol\Desktop\Projet Python\Notionator\services\notion_client.py", line 173, in _cached_databases_query
    res = self.client.databases.query(**payload)
  File "C:\Users\hugol\Desktop\Projet Python\Notionator\.venv\Lib\site-packages\notion_client\api_endpoints.py", line 134, in query
    return self.parent.request(
           ~~~~~~~~~~~~~~~~~~~^
        path=f"databases/{database_id}/query",
        ^^^^^^^^^^^^^^^^^^^^^^^^^^^^^^^^^^^^^^
    ...<11 lines>...
        auth=kwargs.get("auth"),
        ^^^^^^^^^^^^^^^^^^^^^^^^
    )
    ^
  File "C:\Users\hugol\Desktop\Projet Python\Notionator\.venv\Lib\site-packages\notion_client\client.py", line 194, in request
    return self._parse_response(response)
           ~~~~~~~~~~~~~~~~~~~~^^^^^^^^^^
  File "C:\Users\hugol\Desktop\Projet Python\Notionator\.venv\Lib\site-packages\notion_client\client.py", line 126, in _parse_response
    raise APIResponseError(response, body["message"], code)
notion_client.errors.APIResponseError: Could not find database with ID: 1c9b9fc3-1e69-816f-b29f-dc0006d36308. Make sure the relevant pages and databases are shared with your integration.
2025-08-29 13:51:50,159 | INFO     | httpx | HTTP Request: POST https://api.notion.com/v1/databases/215b9fc3-1e69-80b5-9514-ccef8de8e30e/query "HTTP/1.1 404 Not Found"
2025-08-29 13:51:50,159 | ERROR    | services.notion_client | Erreur lors de la liaison automatique des ITEMS.
Traceback (most recent call last):
  File "C:\Users\hugol\Desktop\Projet Python\Notionator\.venv\Lib\site-packages\notion_client\client.py", line 118, in _parse_response
    response.raise_for_status()
    ~~~~~~~~~~~~~~~~~~~~~~~~~^^
  File "C:\Users\hugol\Desktop\Projet Python\Notionator\.venv\Lib\site-packages\httpx\_models.py", line 829, in raise_for_status
    raise HTTPStatusError(message, request=request, response=self)
httpx.HTTPStatusError: Client error '404 Not Found' for url 'https://api.notion.com/v1/databases/215b9fc3-1e69-80b5-9514-ccef8de8e30e/query'
For more information check: https://developer.mozilla.org/en-US/docs/Web/HTTP/Status/404

During handling of the above exception, another exception occurred:

Traceback (most recent call last):
  File "C:\Users\hugol\Desktop\Projet Python\Notionator\services\notion_client.py", line 473, in auto_link_items_by_number
    cours_pages = self._cached_databases_query(database_id=DATABASE_COURS_ID)["results"]
                  ~~~~~~~~~~~~~~~~~~~~~~~~~~~~^^^^^^^^^^^^^^^^^^^^^^^^^^^^^^^
  File "C:\Users\hugol\Desktop\Projet Python\Notionator\services\notion_client.py", line 173, in _cached_databases_query
    res = self.client.databases.query(**payload)
  File "C:\Users\hugol\Desktop\Projet Python\Notionator\.venv\Lib\site-packages\notion_client\api_endpoints.py", line 134, in query
    return self.parent.request(
           ~~~~~~~~~~~~~~~~~~~^
        path=f"databases/{database_id}/query",
        ^^^^^^^^^^^^^^^^^^^^^^^^^^^^^^^^^^^^^^
    ...<11 lines>...
        auth=kwargs.get("auth"),
        ^^^^^^^^^^^^^^^^^^^^^^^^
    )
    ^
  File "C:\Users\hugol\Desktop\Projet Python\Notionator\.venv\Lib\site-packages\notion_client\client.py", line 194, in request
    return self._parse_response(response)
           ~~~~~~~~~~~~~~~~~~~~^^^^^^^^^^
  File "C:\Users\hugol\Desktop\Projet Python\Notionator\.venv\Lib\site-packages\notion_client\client.py", line 126, in _parse_response
    raise APIResponseError(response, body["message"], code)
notion_client.errors.APIResponseError: Could not find database with ID: 215b9fc3-1e69-80b5-9514-ccef8de8e30e. Make sure the relevant pages and databases are shared with your integration.
2025-08-29 13:51:51,425 | INFO     | services.quick_summary | [Bilan rapide] update_all() – start
2025-08-29 13:51:52,973 | INFO     | httpx | HTTP Request: POST https://api.notion.com/v1/databases/215b9fc3-1e69-80b5-9514-ccef8de8e30e/query "HTTP/1.1 404 Not Found"
2025-08-29 13:51:52,974 | ERROR    | __main__ | [Bilan rapide] Échec de la mise à jour.
Traceback (most recent call last):
  File "C:\Users\hugol\Desktop\Projet Python\Notionator\.venv\Lib\site-packages\notion_client\client.py", line 118, in _parse_response
    response.raise_for_status()
    ~~~~~~~~~~~~~~~~~~~~~~~~~^^
  File "C:\Users\hugol\Desktop\Projet Python\Notionator\.venv\Lib\site-packages\httpx\_models.py", line 829, in raise_for_status
    raise HTTPStatusError(message, request=request, response=self)
httpx.HTTPStatusError: Client error '404 Not Found' for url 'https://api.notion.com/v1/databases/215b9fc3-1e69-80b5-9514-ccef8de8e30e/query'
For more information check: https://developer.mozilla.org/en-US/docs/Web/HTTP/Status/404

During handling of the above exception, another exception occurred:

Traceback (most recent call last):
  File "C:\Users\hugol\Desktop\Projet Python\Notionator\main.py", line 328, in _worker
    self.quick_summary.update_all()
    ~~~~~~~~~~~~~~~~~~~~~~~~~~~~~^^
  File "C:\Users\hugol\Desktop\Projet Python\Notionator\services\profiler.py", line 71, in wrapper
    return func(*args, **kwargs)
  File "C:\Users\hugol\Desktop\Projet Python\Notionator\services\quick_summary.py", line 41, in update_all
    semesters = self._distinct_values("Semestre")
  File "C:\Users\hugol\Desktop\Projet Python\Notionator\services\profiler.py", line 71, in wrapper
    return func(*args, **kwargs)
  File "C:\Users\hugol\Desktop\Projet Python\Notionator\services\quick_summary.py", line 263, in _distinct_values
    resp = self.client.databases.query(**q)
  File "C:\Users\hugol\Desktop\Projet Python\Notionator\.venv\Lib\site-packages\notion_client\api_endpoints.py", line 134, in query
    return self.parent.request(
           ~~~~~~~~~~~~~~~~~~~^
        path=f"databases/{database_id}/query",
        ^^^^^^^^^^^^^^^^^^^^^^^^^^^^^^^^^^^^^^
    ...<11 lines>...
        auth=kwargs.get("auth"),
        ^^^^^^^^^^^^^^^^^^^^^^^^
    )
    ^
  File "C:\Users\hugol\Desktop\Projet Python\Notionator\.venv\Lib\site-packages\notion_client\client.py", line 194, in request
    return self._parse_response(response)
           ~~~~~~~~~~~~~~~~~~~~^^^^^^^^^^
  File "C:\Users\hugol\Desktop\Projet Python\Notionator\.venv\Lib\site-packages\notion_client\client.py", line 126, in _parse_response
    raise APIResponseError(response, body["message"], code)
notion_client.errors.APIResponseError: Could not find database with ID: 215b9fc3-1e69-80b5-9514-ccef8de8e30e. Make sure the relevant pages and databases are shared with your integration.
2025-08-29 13:52:00,683 | ERROR    | __main__ | Uncaught exception
Traceback (most recent call last):
  File "C:\Users\hugol\Desktop\Projet Python\Notionator\main.py", line 557, in <module>
    app.mainloop()
    ~~~~~~~~~~~~^^
  File "C:\Users\hugol\Desktop\Projet Python\Notionator\.venv\Lib\site-packages\customtkinter\windows\ctk_tk.py", line 165, in mainloop
    super().mainloop(*args, **kwargs)
    ~~~~~~~~~~~~~~~~^^^^^^^^^^^^^^^^^
  File "C:\Users\hugol\AppData\Local\Programs\Python\Python313\Lib\tkinter\__init__.py", line 1599, in mainloop
    self.tk.mainloop(n)
    ~~~~~~~~~~~~~~~~^^^
  File "C:\Users\hugol\AppData\Local\Programs\Python\Python313\Lib\tkinter\__init__.py", line 2063, in __call__
    def __call__(self, *args):
    
KeyboardInterrupt
2025-08-29 13:52:18,089 | INFO     | root | 

--- Nouvelle session Notionator --- 2025-08-29 13:52:18 ---


2025-08-29 13:52:18,157 | INFO     | __main__ | === Lancement de Notionator (fast start) ===
2025-08-29 13:52:18,386 | INFO     | services.notion_client | Client Notion initialisé
2025-08-29 13:52:19,162 | INFO     | httpx | HTTP Request: POST https://api.notion.com/v1/databases/1c9b9fc31e69816fb29fdc0006d36308/query "HTTP/1.1 200 OK"
2025-08-29 13:52:19,327 | INFO     | services.notion_client | Client Notion initialisé
2025-08-29 13:52:19,330 | INFO     | services.actions_manager | [pdf] BASE_FOLDER=G:\Mon Drive\Médecine exists=True
2025-08-29 13:52:19,404 | INFO     | services.actions_manager | [pdf] PDFs vus sur disque: 476
2025-08-29 13:52:19,404 | INFO     | services.actions_manager | [pdf] aucun nouveau PDF
2025-08-29 13:52:19,404 | INFO     | services.actions_manager | [pdf] local_pdf_map: 470 -> 470 entrées
2025-08-29 13:52:19,404 | INFO     | services.actions_manager | [bootstrap] Aucun cours trouvé
2025-08-29 13:52:19,711 | INFO     | __main__ | Changement d'écran vers : accueil
2025-08-29 13:52:24,583 | INFO     | httpx | HTTP Request: POST https://api.notion.com/v1/databases/215b9fc3-1e69-80b5-9514-ccef8de8e30e/query "HTTP/1.1 200 OK"
2025-08-29 13:52:24,724 | INFO     | __main__ | UI affichée en 6.57 sec ✔
2025-08-29 13:52:24,724 | INFO     | __main__ | Application démarrée
2025-08-29 13:52:24,886 | INFO     | services.notion_client | Client Notion initialisé
2025-08-29 13:52:24,886 | INFO     | __main__ | [Shortcuts] Raccourcis Ctrl enregistrés.
2025-08-29 13:52:25,646 | INFO     | httpx | HTTP Request: GET https://api.notion.com/v1/databases/215b9fc3-1e69-80b5-9514-ccef8de8e30e "HTTP/1.1 200 OK"
2025-08-29 13:52:26,167 | INFO     | httpx | HTTP Request: POST https://api.notion.com/v1/databases/215b9fc3-1e69-80b5-9514-ccef8de8e30e/query "HTTP/1.1 200 OK"
2025-08-29 13:52:27,730 | INFO     | services.quick_summary | [Bilan rapide] update_all() – start
2025-08-29 13:52:27,755 | INFO     | httpx | HTTP Request: POST https://api.notion.com/v1/databases/215b9fc3-1e69-80b5-9514-ccef8de8e30e/query "HTTP/1.1 200 OK"
